	.text
	.syntax unified
	.eabi_attribute	67, "2.09"	@ Tag_conformance
	.cpu	cortex-m23
	.eabi_attribute	6, 16	@ Tag_CPU_arch
	.eabi_attribute	7, 77	@ Tag_CPU_arch_profile
	.eabi_attribute	8, 0	@ Tag_ARM_ISA_use
	.eabi_attribute	9, 3	@ Tag_THUMB_ISA_use
	.eabi_attribute	34, 0	@ Tag_CPU_unaligned_access
	.eabi_attribute	17, 1	@ Tag_ABI_PCS_GOT_use
	.eabi_attribute	20, 2	@ Tag_ABI_FP_denormal
	.eabi_attribute	21, 0	@ Tag_ABI_FP_exceptions
	.eabi_attribute	23, 1	@ Tag_ABI_FP_number_model
	.eabi_attribute	24, 1	@ Tag_ABI_align_needed
	.eabi_attribute	25, 1	@ Tag_ABI_align_preserved
	.eabi_attribute	38, 1	@ Tag_ABI_FP_16bit_format
	.eabi_attribute	18, 2	@ Tag_ABI_PCS_wchar_t
	.eabi_attribute	26, 1	@ Tag_ABI_enum_size
	.eabi_attribute	14, 0	@ Tag_ABI_PCS_R9_use
	.file	"main.c"
	.file	1 "D:\\Keil_v5\\ARM\\ARMCLANG\\Bin\\..\\include" "stdint.h"
	.file	2 "E:\\project\\product\\GD32\\E230 - TH - \345\211\257\346\234\254\\MDK-ARM" "../User/main.c"
	.file	3 "E:\\project\\product\\GD32\\E230 - TH - \345\211\257\346\234\254\\MDK-ARM" "../GD32E230_Firmware_Library/GD32E230_standard_peripheral/Include\\gd32e230_rcu.h"
	.file	4 "E:\\project\\product\\GD32\\E230 - TH - \345\211\257\346\234\254\\MDK-ARM" "../GD32E230_Firmware_Library/CMSIS/GD/GD32E230/Include\\gd32e230.h"
	.file	5 "E:\\project\\product\\GD32\\E230 - TH - \345\211\257\346\234\254\\MDK-ARM" "../GD32E230_Firmware_Library/GD32E230_standard_peripheral/Include\\gd32e230_usart.h"
	.file	6 "E:\\project\\product\\GD32\\E230 - TH - \345\211\257\346\234\254\\MDK-ARM" "../APP/Inc/type.h"
	.section	.text.DRV_IWDG_Init,"ax",%progbits
	.hidden	DRV_IWDG_Init           @ -- Begin function DRV_IWDG_Init
	.globl	DRV_IWDG_Init
	.p2align	2
	.type	DRV_IWDG_Init,%function
	.code	16                      @ @DRV_IWDG_Init
	.thumb_func
DRV_IWDG_Init:
.Lfunc_begin0:
	.loc	2 63 0                  @ ../User/main.c:63:0
	.fnstart
	.cfi_sections .debug_frame
	.cfi_startproc
@ %bb.0:
	.save	{r7, lr}
	push	{r7, lr}
	.cfi_def_cfa_offset 8
	.cfi_offset lr, -4
	.cfi_offset r7, -8
	.pad	#8
	sub	sp, #8
	.cfi_def_cfa_offset 16
	movw	r0, #2304
.Ltmp0:
	.loc	2 64 2 prologue_end     @ ../User/main.c:64:2
	bl	rcu_osci_on
	.loc	2 65 5                  @ ../User/main.c:65:5
	b	.LBB0_1
.LBB0_1:                                @ =>This Inner Loop Header: Depth=1
	.loc	2 0 5 is_stmt 0         @ ../User/main.c:0:5
	movw	r0, #2304
	.loc	2 65 22                 @ ../User/main.c:65:22
	bl	rcu_osci_stab_wait
	.loc	2 65 5                  @ ../User/main.c:65:5
	cmp	r0, #1
	beq	.LBB0_3
	b	.LBB0_2
.LBB0_2:                                @   in Loop: Header=BB0_1 Depth=1
	b	.LBB0_1
.LBB0_3:
	.loc	2 0 5                   @ ../User/main.c:0:5
	ldr	r0, __arm_cp.0_0
	movs	r1, #6
	.loc	2 69 2 is_stmt 1        @ ../User/main.c:69:2
	bl	fwdgt_config
	.loc	2 70 2                  @ ../User/main.c:70:2
	str	r0, [sp, #4]            @ 4-byte Spill
	bl	fwdgt_enable
	.loc	2 83 1                  @ ../User/main.c:83:1
	add	sp, #8
	pop	{r7, pc}
.Ltmp1:
	.p2align	2
@ %bb.4:
	.loc	2 0 1 is_stmt 0         @ ../User/main.c:0:1
__arm_cp.0_0:
	.long	2500                    @ 0x9c4
.Lcpi_end0:
	.size	__arm_cp.0_0, .Lcpi_end0-__arm_cp.0_0
.Lfunc_end0:
	.size	DRV_IWDG_Init, .Lfunc_end0-DRV_IWDG_Init
	.cfi_endproc
	.cantunwind
	.fnend
                                        @ -- End function
	.section	.text.rs485_Init,"ax",%progbits
	.hidden	rs485_Init              @ -- Begin function rs485_Init
	.globl	rs485_Init
	.p2align	2
	.type	rs485_Init,%function
	.code	16                      @ @rs485_Init
	.thumb_func
rs485_Init:
.Lfunc_begin1:
	.loc	2 88 0 is_stmt 1        @ ../User/main.c:88:0
	.fnstart
	.cfi_startproc
@ %bb.0:
	.save	{r7, lr}
	push	{r7, lr}
	.cfi_def_cfa_offset 8
	.cfi_offset lr, -4
	.cfi_offset r7, -8
	.pad	#16
	sub	sp, #16
	.cfi_def_cfa_offset 24
	ldr	r0, __arm_cp.1_0
.Ltmp2:
	.loc	2 90 5 prologue_end     @ ../User/main.c:90:5
	bl	rcu_periph_clock_enable
	movs	r0, #9
	lsls	r0, r0, #27
	movs	r1, #1
	movs	r2, #0
	movs	r3, #4
	.loc	2 92 5                  @ ../User/main.c:92:5
	str	r0, [sp, #12]           @ 4-byte Spill
	str	r1, [sp, #8]            @ 4-byte Spill
	str	r2, [sp, #4]            @ 4-byte Spill
	str	r3, [sp]                @ 4-byte Spill
	bl	gpio_mode_set
	.loc	2 94 2                  @ ../User/main.c:94:2
	ldr	r0, [sp, #12]           @ 4-byte Reload
	ldr	r1, [sp, #4]            @ 4-byte Reload
	ldr	r2, [sp, #8]            @ 4-byte Reload
	ldr	r3, [sp]                @ 4-byte Reload
	bl	gpio_output_options_set
	.loc	2 96 2                  @ ../User/main.c:96:2
	ldr	r0, [sp, #12]           @ 4-byte Reload
	ldr	r1, [sp]                @ 4-byte Reload
	bl	gpio_bit_reset
	.loc	2 99 1                  @ ../User/main.c:99:1
	add	sp, #16
	pop	{r7, pc}
.Ltmp3:
	.p2align	2
@ %bb.1:
	.loc	2 0 1 is_stmt 0         @ ../User/main.c:0:1
__arm_cp.1_0:
	.long	1297                    @ 0x511
.Lcpi_end1:
	.size	__arm_cp.1_0, .Lcpi_end1-__arm_cp.1_0
.Lfunc_end1:
	.size	rs485_Init, .Lfunc_end1-rs485_Init
	.cfi_endproc
	.cantunwind
	.fnend
                                        @ -- End function
	.section	.text.delayms,"ax",%progbits
	.hidden	delayms                 @ -- Begin function delayms
	.globl	delayms
	.p2align	1
	.type	delayms,%function
	.code	16                      @ @delayms
	.thumb_func
delayms:
.Lfunc_begin2:
	.loc	2 102 0 is_stmt 1       @ ../User/main.c:102:0
	.fnstart
	.cfi_startproc
@ %bb.0:
	.pad	#8
	sub	sp, #8
	.cfi_def_cfa_offset 8
	add	r0, sp, #4
	movs	r1, #255
.Ltmp4:
	.loc	2 103 11 prologue_end   @ ../User/main.c:103:11
	strh	r1, [r0]
	mov	r0, sp
	.loc	2 103 18 is_stmt 0      @ ../User/main.c:103:18
	strh	r1, [r0]
	.loc	2 104 2 is_stmt 1       @ ../User/main.c:104:2
	b	.LBB2_1
.LBB2_1:                                @ =>This Loop Header: Depth=1
                                        @     Child Loop BB2_3 Depth 2
	.loc	2 0 2 is_stmt 0         @ ../User/main.c:0:2
	add	r0, sp, #4
.Ltmp5:
	.loc	2 104 7                 @ ../User/main.c:104:7
	ldrh	r0, [r0]
.Ltmp6:
	.loc	2 104 2                 @ ../User/main.c:104:2
	cmp	r0, #1
	blt	.LBB2_8
	b	.LBB2_2
.LBB2_2:                                @   in Loop: Header=BB2_1 Depth=1
.Ltmp7:
	.loc	2 105 3 is_stmt 1       @ ../User/main.c:105:3
	b	.LBB2_3
.LBB2_3:                                @   Parent Loop BB2_1 Depth=1
                                        @ =>  This Inner Loop Header: Depth=2
	.loc	2 0 3 is_stmt 0         @ ../User/main.c:0:3
	mov	r0, sp
.Ltmp8:
	.loc	2 105 8                 @ ../User/main.c:105:8
	ldrh	r0, [r0]
.Ltmp9:
	.loc	2 105 3                 @ ../User/main.c:105:3
	cmp	r0, #1
	blt	.LBB2_6
	b	.LBB2_4
.LBB2_4:                                @   in Loop: Header=BB2_3 Depth=2
	b	.LBB2_5
.LBB2_5:                                @   in Loop: Header=BB2_3 Depth=2
.Ltmp10:
	.loc	2 105 13                @ ../User/main.c:105:13
	ldr	r0, [sp]
	subs	r0, r0, #1
	mov	r1, sp
	strh	r0, [r1]
	.loc	2 105 3                 @ ../User/main.c:105:3
	b	.LBB2_3
.Ltmp11:
.LBB2_6:                                @   in Loop: Header=BB2_1 Depth=1
	.loc	2 105 16                @ ../User/main.c:105:16
	b	.LBB2_7
.Ltmp12:
.LBB2_7:                                @   in Loop: Header=BB2_1 Depth=1
	.loc	2 104 12 is_stmt 1      @ ../User/main.c:104:12
	ldr	r0, [sp, #4]
	subs	r0, r0, #1
	add	r1, sp, #4
	strh	r0, [r1]
	.loc	2 104 2 is_stmt 0       @ ../User/main.c:104:2
	b	.LBB2_1
.Ltmp13:
.LBB2_8:
	.loc	2 106 1 is_stmt 1       @ ../User/main.c:106:1
	add	sp, #8
	bx	lr
.Ltmp14:
.Lfunc_end2:
	.size	delayms, .Lfunc_end2-delayms
	.cfi_endproc
	.cantunwind
	.fnend
                                        @ -- End function
	.section	.text.main,"ax",%progbits
	.hidden	main                    @ -- Begin function main
	.globl	main
	.p2align	2
	.type	main,%function
	.code	16                      @ @main
	.thumb_func
main:
.Lfunc_begin3:
	.loc	2 117 0                 @ ../User/main.c:117:0
	.fnstart
	.cfi_startproc
@ %bb.0:
	.save	{r7, lr}
	push	{r7, lr}
	.cfi_def_cfa_offset 8
	.cfi_offset lr, -4
	.cfi_offset r7, -8
	.pad	#40
	sub	sp, #40
	.cfi_def_cfa_offset 48
	movs	r0, #0
	str	r0, [sp, #36]
	movs	r1, #1
	lsls	r1, r1, #27
	movw	r2, #16384
.Ltmp15:
	.loc	2 118 2 prologue_end    @ ../User/main.c:118:2
	str	r0, [sp, #16]           @ 4-byte Spill
	mov	r0, r1
	mov	r1, r2
	bl	nvic_vector_table_set
	add	r0, sp, #20
	.loc	2 120 10                @ ../User/main.c:120:10
	ldr	r1, [sp, #16]           @ 4-byte Reload
	strb	r1, [r0, #12]
	ldr	r0, __arm_cp.3_0
	str	r0, [sp, #28]
	ldr	r0, __arm_cp.3_1
	str	r0, [sp, #24]
	ldr	r0, __arm_cp.3_2
	str	r0, [sp, #20]
	movw	r0, #500
	.loc	2 122 2                 @ ../User/main.c:122:2
	str	r0, [sp, #12]           @ 4-byte Spill
	bl	Delay_1Ms
	.loc	2 123 2                 @ ../User/main.c:123:2
	bl	TH_IIC_Init
	.loc	2 124 5                 @ ../User/main.c:124:5
	bl	SHT3_Init
	.loc	2 127 2                 @ ../User/main.c:127:2
	bl	ReadTH
	.loc	2 128 2                 @ ../User/main.c:128:2
	ldr	r0, [sp, #12]           @ 4-byte Reload
	bl	Delay_1Ms
	.loc	2 129 2                 @ ../User/main.c:129:2
	bl	ReadTH
	movs	r0, #27
	movs	r1, #2
	.loc	2 134 5                 @ ../User/main.c:134:5
	bl	nvic_irq_enable
	.loc	2 135 6                 @ ../User/main.c:135:6
	bl	com_gpio_init
	.loc	2 136 5                 @ ../User/main.c:136:5
	bl	com_usart_init
	ldr	r0, __arm_cp.3_3
	movs	r1, #5
	.loc	2 137 2                 @ ../User/main.c:137:2
	bl	usart_interrupt_enable
	.loc	2 139 2                 @ ../User/main.c:139:2
	bl	DRV_IWDG_Init
	.loc	2 142 2                 @ ../User/main.c:142:2
	bl	TIMER2_Init
	.loc	2 144 2                 @ ../User/main.c:144:2
	bl	TIMER15_Init
	.loc	2 146 2                 @ ../User/main.c:146:2
	bl	ReadPara
	.loc	2 154 5                 @ ../User/main.c:154:5
	b	.LBB3_1
.LBB3_1:                                @ =>This Inner Loop Header: Depth=1
.Ltmp16:
	.loc	2 156 3                 @ ../User/main.c:156:3
	bl	fwdgt_counter_reload
.Ltmp17:
	.loc	2 158 6                 @ ../User/main.c:158:6
	ldr	r0, __arm_cp.3_4
	ldrb	r0, [r0]
.Ltmp18:
	.loc	2 158 6 is_stmt 0       @ ../User/main.c:158:6
	cmp	r0, #0
	beq	.LBB3_3
	b	.LBB3_2
.LBB3_2:                                @   in Loop: Header=BB3_1 Depth=1
.Ltmp19:
	.loc	2 160 17 is_stmt 1      @ ../User/main.c:160:17
	ldr	r0, __arm_cp.3_4
	movs	r1, #0
	strb	r1, [r0]
	.loc	2 161 4                 @ ../User/main.c:161:4
	bl	ReadTH
	.loc	2 162 3                 @ ../User/main.c:162:3
	b	.LBB3_3
.Ltmp20:
.LBB3_3:                                @   in Loop: Header=BB3_1 Depth=1
	.loc	2 165 6                 @ ../User/main.c:165:6
	ldr	r0, __arm_cp.3_5
	ldrb	r0, [r0]
.Ltmp21:
	.loc	2 165 6 is_stmt 0       @ ../User/main.c:165:6
	cmp	r0, #0
	bne	.LBB3_7
	b	.LBB3_4
.LBB3_4:                                @   in Loop: Header=BB3_1 Depth=1
.Ltmp22:
	.loc	2 167 12 is_stmt 1      @ ../User/main.c:167:12
	ldr	r0, __arm_cp.3_6
	ldr	r1, [r0]
	adds	r1, r1, #1
	str	r1, [r0]
.Ltmp23:
	.loc	2 168 7                 @ ../User/main.c:168:7
	ldr	r0, [r0]
	movw	r1, #1000
.Ltmp24:
	.loc	2 168 7 is_stmt 0       @ ../User/main.c:168:7
	cmp	r0, r1
	bne	.LBB3_6
	b	.LBB3_5
.LBB3_5:                                @   in Loop: Header=BB3_1 Depth=1
	.loc	2 0 7                   @ ../User/main.c:0:7
	movs	r0, #9
	lsls	r0, r0, #27
	movs	r1, #4
.Ltmp25:
	.loc	2 170 5 is_stmt 1       @ ../User/main.c:170:5
	bl	gpio_bit_reset
	.loc	2 171 13                @ ../User/main.c:171:13
	ldr	r0, __arm_cp.3_5
	movs	r1, #1
	strb	r1, [r0]
	.loc	2 172 13                @ ../User/main.c:172:13
	ldr	r0, __arm_cp.3_6
	movs	r1, #0
	str	r1, [r0]
	.loc	2 173 4                 @ ../User/main.c:173:4
	b	.LBB3_6
.Ltmp26:
.LBB3_6:                                @   in Loop: Header=BB3_1 Depth=1
	.loc	2 174 3                 @ ../User/main.c:174:3
	b	.LBB3_7
.Ltmp27:
.LBB3_7:                                @   in Loop: Header=BB3_1 Depth=1
	.loc	2 177 6                 @ ../User/main.c:177:6
	ldr	r0, __arm_cp.3_7
	ldrb	r0, [r0]
.Ltmp28:
	.loc	2 177 6 is_stmt 0       @ ../User/main.c:177:6
	cmp	r0, #1
	bne	.LBB3_9
	b	.LBB3_8
.LBB3_8:                                @   in Loop: Header=BB3_1 Depth=1
.Ltmp29:
	.loc	2 179 4 is_stmt 1       @ ../User/main.c:179:4
	bl	MBASC_Function
	.loc	2 180 3                 @ ../User/main.c:180:3
	b	.LBB3_14
.Ltmp30:
.LBB3_9:                                @   in Loop: Header=BB3_1 Depth=1
	.loc	2 182 34                @ ../User/main.c:182:34
	ldr	r0, __arm_cp.3_8
	ldrb	r1, [r0, #26]
	.loc	2 182 11 is_stmt 0      @ ../User/main.c:182:11
	adds	r0, r0, r1
	ldrb	r0, [r0, #24]
.Ltmp31:
	.loc	2 182 11                @ ../User/main.c:182:11
	cmp	r0, #0
	beq	.LBB3_13
	b	.LBB3_10
.LBB3_10:                               @   in Loop: Header=BB3_1 Depth=1
	.loc	2 0 11                  @ ../User/main.c:0:11
	ldr	r0, __arm_cp.3_9
	movs	r1, #1
.Ltmp32:
	.loc	2 184 5 is_stmt 1       @ ../User/main.c:184:5
	str	r0, [sp, #8]            @ 4-byte Spill
	bl	timer_interrupt_enable
	.loc	2 185 5                 @ ../User/main.c:185:5
	ldr	r0, [sp, #8]            @ 4-byte Reload
	bl	timer_enable
.Ltmp33:
	.loc	2 187 7                 @ ../User/main.c:187:7
	ldr	r0, __arm_cp.3_10
	ldrh	r0, [r0]
	.loc	2 187 52 is_stmt 0      @ ../User/main.c:187:52
	ldr	r1, __arm_cp.3_8
	ldrb	r2, [r1, #26]
	.loc	2 187 29                @ ../User/main.c:187:29
	adds	r1, r1, r2
	ldrb	r1, [r1, #24]
.Ltmp34:
	.loc	2 187 7                 @ ../User/main.c:187:7
	cmp	r0, r1
	bne	.LBB3_12
	b	.LBB3_11
.LBB3_11:                               @   in Loop: Header=BB3_1 Depth=1
.Ltmp35:
	.loc	2 190 5 is_stmt 1       @ ../User/main.c:190:5
	bl	MBASC_AutoUpLoadFrame
	ldr	r0, __arm_cp.3_9
	movs	r1, #1
	.loc	2 192 5                 @ ../User/main.c:192:5
	str	r0, [sp, #4]            @ 4-byte Spill
	bl	timer_interrupt_disable
	.loc	2 193 5                 @ ../User/main.c:193:5
	ldr	r0, [sp, #4]            @ 4-byte Reload
	bl	timer_disable
	.loc	2 194 24                @ ../User/main.c:194:24
	ldr	r0, __arm_cp.3_10
	movs	r1, #0
	strh	r1, [r0]
	.loc	2 198 4                 @ ../User/main.c:198:4
	b	.LBB3_12
.Ltmp36:
.LBB3_12:                               @   in Loop: Header=BB3_1 Depth=1
	.loc	2 199 6                 @ ../User/main.c:199:6
	b	.LBB3_13
.Ltmp37:
.LBB3_13:                               @   in Loop: Header=BB3_1 Depth=1
	.loc	2 0 6 is_stmt 0         @ ../User/main.c:0:6
	b	.LBB3_14
.LBB3_14:                               @   in Loop: Header=BB3_1 Depth=1
	.loc	2 154 5 is_stmt 1       @ ../User/main.c:154:5
	b	.LBB3_1
.Ltmp38:
	.p2align	2
@ %bb.15:
	.loc	2 0 5 is_stmt 0         @ ../User/main.c:0:5
__arm_cp.3_0:
	.long	168650343               @ 0xa0d6667
.Lcpi_end2:
	.size	__arm_cp.3_0, .Lcpi_end2-__arm_cp.3_0
__arm_cp.3_1:
	.long	1702322535              @ 0x65776167
.Lcpi_end3:
	.size	__arm_cp.3_1, .Lcpi_end3-__arm_cp.3_1
__arm_cp.3_2:
	.long	1936156516              @ 0x73676764
.Lcpi_end4:
	.size	__arm_cp.3_2, .Lcpi_end4-__arm_cp.3_2
__arm_cp.3_3:
	.long	1073821696              @ 0x40013800
.Lcpi_end5:
	.size	__arm_cp.3_3, .Lcpi_end5-__arm_cp.3_3
__arm_cp.3_4:
	.long	Time_1s_flag
.Lcpi_end6:
	.size	__arm_cp.3_4, .Lcpi_end6-__arm_cp.3_4
__arm_cp.3_5:
	.long	receive
.Lcpi_end7:
	.size	__arm_cp.3_5, .Lcpi_end7-__arm_cp.3_5
__arm_cp.3_6:
	.long	receive1
.Lcpi_end8:
	.size	__arm_cp.3_6, .Lcpi_end8-__arm_cp.3_6
__arm_cp.3_7:
	.long	UartRecvFrameOK
.Lcpi_end9:
	.size	__arm_cp.3_7, .Lcpi_end9-__arm_cp.3_7
__arm_cp.3_8:
	.long	T_H
.Lcpi_end10:
	.size	__arm_cp.3_8, .Lcpi_end10-__arm_cp.3_8
__arm_cp.3_9:
	.long	1073824768              @ 0x40014400
.Lcpi_end11:
	.size	__arm_cp.3_9, .Lcpi_end11-__arm_cp.3_9
__arm_cp.3_10:
	.long	AutoUpLoad_counter
.Lcpi_end12:
	.size	__arm_cp.3_10, .Lcpi_end12-__arm_cp.3_10
.Lfunc_end3:
	.size	main, .Lfunc_end3-main
	.cfi_endproc
	.cantunwind
	.fnend
                                        @ -- End function
	.section	.text.com_gpio_init,"ax",%progbits
	.hidden	com_gpio_init           @ -- Begin function com_gpio_init
	.globl	com_gpio_init
	.p2align	2
	.type	com_gpio_init,%function
	.code	16                      @ @com_gpio_init
	.thumb_func
com_gpio_init:
.Lfunc_begin4:
	.loc	2 214 0 is_stmt 1       @ ../User/main.c:214:0
	.fnstart
	.cfi_startproc
@ %bb.0:
	.save	{r7, lr}
	push	{r7, lr}
	.cfi_def_cfa_offset 8
	.cfi_offset lr, -4
	.cfi_offset r7, -8
	.pad	#24
	sub	sp, #24
	.cfi_def_cfa_offset 32
	ldr	r0, __arm_cp.4_0
.Ltmp39:
	.loc	2 216 5 prologue_end    @ ../User/main.c:216:5
	bl	rcu_periph_clock_enable
	movs	r0, #9
	lsls	r0, r0, #27
	movs	r1, #1
	movw	r2, #512
	.loc	2 219 5                 @ ../User/main.c:219:5
	str	r0, [sp, #20]           @ 4-byte Spill
	str	r1, [sp, #16]           @ 4-byte Spill
	str	r2, [sp, #12]           @ 4-byte Spill
	bl	gpio_af_set
	movw	r0, #1024
	.loc	2 222 5                 @ ../User/main.c:222:5
	ldr	r1, [sp, #20]           @ 4-byte Reload
	str	r0, [sp, #8]            @ 4-byte Spill
	mov	r0, r1
	ldr	r1, [sp, #16]           @ 4-byte Reload
	ldr	r2, [sp, #8]            @ 4-byte Reload
	bl	gpio_af_set
	movs	r0, #2
	.loc	2 225 5                 @ ../User/main.c:225:5
	ldr	r1, [sp, #20]           @ 4-byte Reload
	str	r0, [sp, #4]            @ 4-byte Spill
	mov	r0, r1
	ldr	r1, [sp, #4]            @ 4-byte Reload
	ldr	r2, [sp, #16]           @ 4-byte Reload
	ldr	r3, [sp, #12]           @ 4-byte Reload
	bl	gpio_mode_set
	movs	r0, #0
	.loc	2 226 5                 @ ../User/main.c:226:5
	ldr	r1, [sp, #20]           @ 4-byte Reload
	str	r0, [sp]                @ 4-byte Spill
	mov	r0, r1
	ldr	r1, [sp]                @ 4-byte Reload
	ldr	r2, [sp, #16]           @ 4-byte Reload
	ldr	r3, [sp, #12]           @ 4-byte Reload
	bl	gpio_output_options_set
	.loc	2 229 5                 @ ../User/main.c:229:5
	ldr	r0, [sp, #20]           @ 4-byte Reload
	ldr	r1, [sp, #4]            @ 4-byte Reload
	ldr	r2, [sp, #16]           @ 4-byte Reload
	ldr	r3, [sp, #8]            @ 4-byte Reload
	bl	gpio_mode_set
	.loc	2 230 5                 @ ../User/main.c:230:5
	ldr	r0, [sp, #20]           @ 4-byte Reload
	ldr	r1, [sp]                @ 4-byte Reload
	ldr	r2, [sp, #16]           @ 4-byte Reload
	ldr	r3, [sp, #8]            @ 4-byte Reload
	bl	gpio_output_options_set
	.loc	2 231 1                 @ ../User/main.c:231:1
	add	sp, #24
	pop	{r7, pc}
.Ltmp40:
	.p2align	2
@ %bb.1:
	.loc	2 0 1 is_stmt 0         @ ../User/main.c:0:1
__arm_cp.4_0:
	.long	1297                    @ 0x511
.Lcpi_end13:
	.size	__arm_cp.4_0, .Lcpi_end13-__arm_cp.4_0
.Lfunc_end4:
	.size	com_gpio_init, .Lfunc_end4-com_gpio_init
	.cfi_endproc
	.cantunwind
	.fnend
                                        @ -- End function
	.section	.text.com_usart_init,"ax",%progbits
	.hidden	com_usart_init          @ -- Begin function com_usart_init
	.globl	com_usart_init
	.p2align	2
	.type	com_usart_init,%function
	.code	16                      @ @com_usart_init
	.thumb_func
com_usart_init:
.Lfunc_begin5:
	.loc	2 241 0 is_stmt 1       @ ../User/main.c:241:0
	.fnstart
	.cfi_startproc
@ %bb.0:
	.save	{r7, lr}
	push	{r7, lr}
	.cfi_def_cfa_offset 8
	.cfi_offset lr, -4
	.cfi_offset r7, -8
	.pad	#16
	sub	sp, #16
	.cfi_def_cfa_offset 24
	ldr	r0, __arm_cp.5_0
.Ltmp41:
	.loc	2 245 5 prologue_end    @ ../User/main.c:245:5
	bl	rcu_periph_clock_enable
	.loc	2 247 2                 @ ../User/main.c:247:2
	ldr	r0, __arm_cp.5_1
	adds	r1, r0, #2
	movs	r2, #4
	movs	r3, #1
	str	r0, [sp, #12]           @ 4-byte Spill
	mov	r0, r2
	mov	r2, r3
	bl	flash_read_MultiBytes
	ldr	r1, __arm_cp.5_2
	.loc	2 249 5                 @ ../User/main.c:249:5
	str	r0, [sp, #8]            @ 4-byte Spill
	mov	r0, r1
	bl	usart_deinit
	.loc	2 250 21                @ ../User/main.c:250:21
	ldr	r0, [sp, #12]           @ 4-byte Reload
	ldrb	r1, [r0, #2]
	.loc	2 250 5 is_stmt 0       @ ../User/main.c:250:5
	subs	r1, r1, #1
	cmp	r1, #6
	str	r1, [sp, #4]            @ 4-byte Spill
	bhi	.LBB5_10
@ %bb.1:
	.loc	2 0 5                   @ ../User/main.c:0:5
	ldr	r0, [sp, #4]            @ 4-byte Reload
	lsls	r1, r0, #2
	adr	r2, .LJTI5_0
	adds	r1, r2, r1
	mov	pc, r1
@ %bb.2:
	.p2align	2
.LJTI5_0:
	b.w	.LBB5_3
	b.w	.LBB5_4
	b.w	.LBB5_5
	b.w	.LBB5_6
	b.w	.LBB5_7
	b.w	.LBB5_8
	b.w	.LBB5_9
.LBB5_3:
	ldr	r0, __arm_cp.5_2
	movw	r1, #2400
.Ltmp42:
	.loc	2 253 4 is_stmt 1       @ ../User/main.c:253:4
	bl	usart_baudrate_set
	.loc	2 254 4                 @ ../User/main.c:254:4
	b	.LBB5_11
.LBB5_4:
	.loc	2 0 4 is_stmt 0         @ ../User/main.c:0:4
	ldr	r0, __arm_cp.5_2
	movw	r1, #4800
	.loc	2 257 4 is_stmt 1       @ ../User/main.c:257:4
	bl	usart_baudrate_set
	.loc	2 258 4                 @ ../User/main.c:258:4
	b	.LBB5_11
.LBB5_5:
	.loc	2 0 4 is_stmt 0         @ ../User/main.c:0:4
	ldr	r0, __arm_cp.5_2
	movw	r1, #9600
	.loc	2 261 4 is_stmt 1       @ ../User/main.c:261:4
	bl	usart_baudrate_set
	.loc	2 262 4                 @ ../User/main.c:262:4
	b	.LBB5_11
.LBB5_6:
	.loc	2 0 4 is_stmt 0         @ ../User/main.c:0:4
	ldr	r0, __arm_cp.5_2
	movw	r1, #19200
	.loc	2 265 4 is_stmt 1       @ ../User/main.c:265:4
	bl	usart_baudrate_set
	.loc	2 266 4                 @ ../User/main.c:266:4
	b	.LBB5_11
.LBB5_7:
	.loc	2 0 4 is_stmt 0         @ ../User/main.c:0:4
	ldr	r0, __arm_cp.5_2
	movw	r1, #38400
	.loc	2 269 4 is_stmt 1       @ ../User/main.c:269:4
	bl	usart_baudrate_set
	.loc	2 270 4                 @ ../User/main.c:270:4
	b	.LBB5_11
.LBB5_8:
	.loc	2 0 4 is_stmt 0         @ ../User/main.c:0:4
	ldr	r0, __arm_cp.5_2
	movw	r1, #57600
	.loc	2 273 4 is_stmt 1       @ ../User/main.c:273:4
	bl	usart_baudrate_set
	.loc	2 274 4                 @ ../User/main.c:274:4
	b	.LBB5_11
.LBB5_9:
	.loc	2 0 4 is_stmt 0         @ ../User/main.c:0:4
	movs	r0, #225
	lsls	r1, r0, #9
	ldr	r0, __arm_cp.5_2
	.loc	2 277 4 is_stmt 1       @ ../User/main.c:277:4
	bl	usart_baudrate_set
	.loc	2 278 4                 @ ../User/main.c:278:4
	b	.LBB5_11
.LBB5_10:
	.loc	2 0 4 is_stmt 0         @ ../User/main.c:0:4
	ldr	r0, __arm_cp.5_2
	movw	r1, #9600
	.loc	2 280 4 is_stmt 1       @ ../User/main.c:280:4
	bl	usart_baudrate_set
	.loc	2 281 4                 @ ../User/main.c:281:4
	b	.LBB5_11
.Ltmp43:
.LBB5_11:
	.loc	2 286 2                 @ ../User/main.c:286:2
	bl	rs485_Init
	ldr	r0, __arm_cp.5_2
	movs	r1, #4
	.loc	2 288 5                 @ ../User/main.c:288:5
	str	r0, [sp]                @ 4-byte Spill
	bl	usart_receive_config
	movs	r1, #8
	.loc	2 289 5                 @ ../User/main.c:289:5
	ldr	r0, [sp]                @ 4-byte Reload
	bl	usart_transmit_config
	.loc	2 291 5                 @ ../User/main.c:291:5
	ldr	r0, [sp]                @ 4-byte Reload
	bl	usart_enable
	.loc	2 292 1                 @ ../User/main.c:292:1
	add	sp, #16
	pop	{r7, pc}
.Ltmp44:
	.p2align	2
@ %bb.12:
	.loc	2 0 1 is_stmt 0         @ ../User/main.c:0:1
__arm_cp.5_0:
	.long	1550                    @ 0x60e
.Lcpi_end14:
	.size	__arm_cp.5_0, .Lcpi_end14-__arm_cp.5_0
__arm_cp.5_1:
	.long	UserPara
.Lcpi_end15:
	.size	__arm_cp.5_1, .Lcpi_end15-__arm_cp.5_1
__arm_cp.5_2:
	.long	1073821696              @ 0x40013800
.Lcpi_end16:
	.size	__arm_cp.5_2, .Lcpi_end16-__arm_cp.5_2
.Lfunc_end5:
	.size	com_usart_init, .Lfunc_end5-com_usart_init
	.cfi_endproc
	.cantunwind
	.fnend
                                        @ -- End function
	.section	.text.fputc,"ax",%progbits
	.hidden	fputc                   @ -- Begin function fputc
	.globl	fputc
	.p2align	2
	.type	fputc,%function
	.code	16                      @ @fputc
	.thumb_func
fputc:
.Lfunc_begin6:
	.loc	2 299 0 is_stmt 1       @ ../User/main.c:299:0
	.fnstart
	.cfi_startproc
@ %bb.0:
	.save	{r7, lr}
	push	{r7, lr}
	.cfi_def_cfa_offset 8
	.cfi_offset lr, -4
	.cfi_offset r7, -8
	.pad	#8
	sub	sp, #8
	.cfi_def_cfa_offset 16
	str	r0, [sp, #4]
	str	r1, [sp]
	add	r0, sp, #4
.Ltmp45:
	.loc	2 300 43 prologue_end   @ ../User/main.c:300:43
	ldrb	r1, [r0]
	ldr	r0, __arm_cp.6_0
	.loc	2 300 5 is_stmt 0       @ ../User/main.c:300:5
	bl	usart_data_transmit
	.loc	2 301 5 is_stmt 1       @ ../User/main.c:301:5
	b	.LBB6_1
.LBB6_1:                                @ =>This Inner Loop Header: Depth=1
	.loc	2 0 5 is_stmt 0         @ ../User/main.c:0:5
	ldr	r0, __arm_cp.6_0
	ldr	r1, __arm_cp.6_1
	.loc	2 301 20                @ ../User/main.c:301:20
	bl	usart_flag_get
	.loc	2 301 5                 @ ../User/main.c:301:5
	cmp	r0, #0
	bne	.LBB6_3
	b	.LBB6_2
.LBB6_2:                                @   in Loop: Header=BB6_1 Depth=1
	b	.LBB6_1
.LBB6_3:
	.loc	2 302 12 is_stmt 1      @ ../User/main.c:302:12
	ldr	r0, [sp, #4]
	.loc	2 302 5 is_stmt 0       @ ../User/main.c:302:5
	add	sp, #8
	pop	{r7, pc}
.Ltmp46:
	.p2align	2
@ %bb.4:
	.loc	2 0 5                   @ ../User/main.c:0:5
__arm_cp.6_0:
	.long	1073821696              @ 0x40013800
.Lcpi_end17:
	.size	__arm_cp.6_0, .Lcpi_end17-__arm_cp.6_0
__arm_cp.6_1:
	.long	1799                    @ 0x707
.Lcpi_end18:
	.size	__arm_cp.6_1, .Lcpi_end18-__arm_cp.6_1
.Lfunc_end6:
	.size	fputc, .Lfunc_end6-fputc
	.cfi_endproc
	.cantunwind
	.fnend
                                        @ -- End function
	.hidden	receive                 @ @receive
	.type	receive,%object
	.section	.data.receive,"aw",%progbits
	.globl	receive
receive:
.Lreceive$local:
	.byte	1                       @ 0x1
	.size	receive, 1

	.hidden	receive1                @ @receive1
	.type	receive1,%object
	.section	.bss.receive1,"aw",%nobits
	.globl	receive1
	.p2align	2
receive1:
.Lreceive1$local:
	.long	0                       @ 0x0
	.size	receive1, 4

	.hidden	tt1                     @ @tt1
	.type	tt1,%object
	.section	.bss.tt1,"aw",%nobits
	.globl	tt1
	.p2align	1
tt1:
.Ltt1$local:
	.short	0                       @ 0x0
	.size	tt1, 2

	.hidden	time1                   @ @time1
	.type	time1,%object
	.section	.bss.time1,"aw",%nobits
	.globl	time1
	.p2align	2
time1:
.Ltime1$local:
	.long	0                       @ 0x0
	.size	time1, 4

	.hidden	transmitter_buffer      @ @transmitter_buffer
	.type	transmitter_buffer,%object
	.section	.data.transmitter_buffer,"aw",%progbits
	.globl	transmitter_buffer
transmitter_buffer:
.Ltransmitter_buffer$local:
	.asciz	"\n\rUSART interrupt test\n\r"
	.size	transmitter_buffer, 25

	.hidden	time_tick               @ @time_tick
	.type	time_tick,%object
	.section	.data.time_tick,"aw",%progbits
	.globl	time_tick
time_tick:
.Ltime_tick$local:
	.byte	10                      @ 0xa
	.size	time_tick, 1

	.hidden	current_sta             @ @current_sta
	.type	current_sta,%object
	.section	.bss.current_sta,"aw",%nobits
	.globl	current_sta
current_sta:
.Lcurrent_sta$local:
	.byte	0                       @ 0x0
	.size	current_sta, 1

	.type	.L__const.main.ch,%object @ @__const.main.ch
	.section	.rodata.str1.1,"aMS",%progbits,1
.L__const.main.ch:
	.asciz	"dggsgawegf\r\n"
	.size	.L__const.main.ch, 13

	.hidden	bou                     @ @bou
	.type	bou,%object
	.section	.bss.bou,"aw",%nobits
	.globl	bou
bou:
.Lbou$local:
	.byte	0                       @ 0x0
	.size	bou, 1

	.hidden	bou1                    @ @bou1
	.type	bou1,%object
	.section	.bss.bou1,"aw",%nobits
	.globl	bou1
bou1:
.Lbou1$local:
	.byte	0                       @ 0x0
	.size	bou1, 1

	.file	7 "D:\\Keil_v5\\ARM\\ARMCLANG\\Bin\\..\\include" "stdio.h"
	.section	.debug_str,"MS",%progbits,1
.Linfo_string0:
	.asciz	"Component: ARM Compiler 6.14 Tool: armclang [5db06c00]" @ string offset=0
.Linfo_string1:
	.asciz	"../User\\main.c"       @ string offset=55
.Linfo_string2:
	.asciz	"E:\\project\\product\\GD32\\E230 - TH - \345\211\257\346\234\254\\MDK-ARM" @ string offset=70
.Linfo_string3:
	.asciz	"receive"               @ string offset=121
.Linfo_string4:
	.asciz	"unsigned char"         @ string offset=129
.Linfo_string5:
	.asciz	"uint8_t"               @ string offset=143
.Linfo_string6:
	.asciz	"receive1"              @ string offset=151
.Linfo_string7:
	.asciz	"unsigned int"          @ string offset=160
.Linfo_string8:
	.asciz	"uint32_t"              @ string offset=173
.Linfo_string9:
	.asciz	"tt1"                   @ string offset=182
.Linfo_string10:
	.asciz	"unsigned short"        @ string offset=186
.Linfo_string11:
	.asciz	"uint16_t"              @ string offset=201
.Linfo_string12:
	.asciz	"time1"                 @ string offset=210
.Linfo_string13:
	.asciz	"transmitter_buffer"    @ string offset=216
.Linfo_string14:
	.asciz	"__ARRAY_SIZE_TYPE__"   @ string offset=235
.Linfo_string15:
	.asciz	"time_tick"             @ string offset=255
.Linfo_string16:
	.asciz	"current_sta"           @ string offset=265
.Linfo_string17:
	.asciz	"bou"                   @ string offset=277
.Linfo_string18:
	.asciz	"bou1"                  @ string offset=281
.Linfo_string19:
	.asciz	"RCU_HXTAL"             @ string offset=286
.Linfo_string20:
	.asciz	"RCU_LXTAL"             @ string offset=296
.Linfo_string21:
	.asciz	"RCU_IRC8M"             @ string offset=306
.Linfo_string22:
	.asciz	"RCU_IRC28M"            @ string offset=316
.Linfo_string23:
	.asciz	"RCU_IRC40K"            @ string offset=327
.Linfo_string24:
	.asciz	"RCU_PLL_CK"            @ string offset=338
.Linfo_string25:
	.asciz	"ERROR"                 @ string offset=349
.Linfo_string26:
	.asciz	"SUCCESS"               @ string offset=355
.Linfo_string27:
	.asciz	"RCU_DMA"               @ string offset=363
.Linfo_string28:
	.asciz	"RCU_CRC"               @ string offset=371
.Linfo_string29:
	.asciz	"RCU_GPIOA"             @ string offset=379
.Linfo_string30:
	.asciz	"RCU_GPIOB"             @ string offset=389
.Linfo_string31:
	.asciz	"RCU_GPIOC"             @ string offset=399
.Linfo_string32:
	.asciz	"RCU_GPIOF"             @ string offset=409
.Linfo_string33:
	.asciz	"RCU_CFGCMP"            @ string offset=419
.Linfo_string34:
	.asciz	"RCU_ADC"               @ string offset=430
.Linfo_string35:
	.asciz	"RCU_TIMER0"            @ string offset=438
.Linfo_string36:
	.asciz	"RCU_SPI0"              @ string offset=449
.Linfo_string37:
	.asciz	"RCU_USART0"            @ string offset=458
.Linfo_string38:
	.asciz	"RCU_TIMER14"           @ string offset=469
.Linfo_string39:
	.asciz	"RCU_TIMER15"           @ string offset=481
.Linfo_string40:
	.asciz	"RCU_TIMER16"           @ string offset=493
.Linfo_string41:
	.asciz	"RCU_DBGMCU"            @ string offset=505
.Linfo_string42:
	.asciz	"RCU_TIMER2"            @ string offset=516
.Linfo_string43:
	.asciz	"RCU_TIMER5"            @ string offset=527
.Linfo_string44:
	.asciz	"RCU_TIMER13"           @ string offset=538
.Linfo_string45:
	.asciz	"RCU_WWDGT"             @ string offset=550
.Linfo_string46:
	.asciz	"RCU_SPI1"              @ string offset=560
.Linfo_string47:
	.asciz	"RCU_USART1"            @ string offset=569
.Linfo_string48:
	.asciz	"RCU_I2C0"              @ string offset=580
.Linfo_string49:
	.asciz	"RCU_I2C1"              @ string offset=589
.Linfo_string50:
	.asciz	"RCU_PMU"               @ string offset=598
.Linfo_string51:
	.asciz	"RCU_RTC"               @ string offset=606
.Linfo_string52:
	.asciz	"signed char"           @ string offset=614
.Linfo_string53:
	.asciz	"NonMaskableInt_IRQn"   @ string offset=626
.Linfo_string54:
	.asciz	"HardFault_IRQn"        @ string offset=646
.Linfo_string55:
	.asciz	"SVCall_IRQn"           @ string offset=661
.Linfo_string56:
	.asciz	"PendSV_IRQn"           @ string offset=673
.Linfo_string57:
	.asciz	"SysTick_IRQn"          @ string offset=685
.Linfo_string58:
	.asciz	"WWDGT_IRQn"            @ string offset=698
.Linfo_string59:
	.asciz	"LVD_IRQn"              @ string offset=709
.Linfo_string60:
	.asciz	"RTC_IRQn"              @ string offset=718
.Linfo_string61:
	.asciz	"FMC_IRQn"              @ string offset=727
.Linfo_string62:
	.asciz	"RCU_IRQn"              @ string offset=736
.Linfo_string63:
	.asciz	"EXTI0_1_IRQn"          @ string offset=745
.Linfo_string64:
	.asciz	"EXTI2_3_IRQn"          @ string offset=758
.Linfo_string65:
	.asciz	"EXTI4_15_IRQn"         @ string offset=771
.Linfo_string66:
	.asciz	"DMA_Channel0_IRQn"     @ string offset=785
.Linfo_string67:
	.asciz	"DMA_Channel1_2_IRQn"   @ string offset=803
.Linfo_string68:
	.asciz	"DMA_Channel3_4_IRQn"   @ string offset=823
.Linfo_string69:
	.asciz	"ADC_CMP_IRQn"          @ string offset=843
.Linfo_string70:
	.asciz	"TIMER0_BRK_UP_TRG_COM_IRQn" @ string offset=856
.Linfo_string71:
	.asciz	"TIMER0_Channel_IRQn"   @ string offset=883
.Linfo_string72:
	.asciz	"TIMER2_IRQn"           @ string offset=903
.Linfo_string73:
	.asciz	"TIMER5_IRQn"           @ string offset=915
.Linfo_string74:
	.asciz	"TIMER13_IRQn"          @ string offset=927
.Linfo_string75:
	.asciz	"TIMER14_IRQn"          @ string offset=940
.Linfo_string76:
	.asciz	"TIMER15_IRQn"          @ string offset=953
.Linfo_string77:
	.asciz	"TIMER16_IRQn"          @ string offset=966
.Linfo_string78:
	.asciz	"I2C0_EV_IRQn"          @ string offset=979
.Linfo_string79:
	.asciz	"I2C1_EV_IRQn"          @ string offset=992
.Linfo_string80:
	.asciz	"SPI0_IRQn"             @ string offset=1005
.Linfo_string81:
	.asciz	"SPI1_IRQn"             @ string offset=1015
.Linfo_string82:
	.asciz	"USART0_IRQn"           @ string offset=1025
.Linfo_string83:
	.asciz	"USART1_IRQn"           @ string offset=1037
.Linfo_string84:
	.asciz	"I2C0_ER_IRQn"          @ string offset=1049
.Linfo_string85:
	.asciz	"I2C1_ER_IRQn"          @ string offset=1062
.Linfo_string86:
	.asciz	"IRQn"                  @ string offset=1075
.Linfo_string87:
	.asciz	"USART_INT_EB"          @ string offset=1080
.Linfo_string88:
	.asciz	"USART_INT_RT"          @ string offset=1093
.Linfo_string89:
	.asciz	"USART_INT_AM"          @ string offset=1106
.Linfo_string90:
	.asciz	"USART_INT_PERR"        @ string offset=1119
.Linfo_string91:
	.asciz	"USART_INT_TBE"         @ string offset=1134
.Linfo_string92:
	.asciz	"USART_INT_TC"          @ string offset=1148
.Linfo_string93:
	.asciz	"USART_INT_RBNE"        @ string offset=1161
.Linfo_string94:
	.asciz	"USART_INT_IDLE"        @ string offset=1176
.Linfo_string95:
	.asciz	"USART_INT_LBD"         @ string offset=1191
.Linfo_string96:
	.asciz	"USART_INT_WU"          @ string offset=1205
.Linfo_string97:
	.asciz	"USART_INT_CTS"         @ string offset=1218
.Linfo_string98:
	.asciz	"USART_INT_ERR"         @ string offset=1232
.Linfo_string99:
	.asciz	"USART_INT_RFF"         @ string offset=1246
.Linfo_string100:
	.asciz	"Bit_RESET"             @ string offset=1260
.Linfo_string101:
	.asciz	"Bit_SET"               @ string offset=1270
.Linfo_string102:
	.asciz	"RESET"                 @ string offset=1278
.Linfo_string103:
	.asciz	"SET"                   @ string offset=1284
.Linfo_string104:
	.asciz	"USART_FLAG_REA"        @ string offset=1288
.Linfo_string105:
	.asciz	"USART_FLAG_TEA"        @ string offset=1303
.Linfo_string106:
	.asciz	"USART_FLAG_WU"         @ string offset=1318
.Linfo_string107:
	.asciz	"USART_FLAG_RWU"        @ string offset=1332
.Linfo_string108:
	.asciz	"USART_FLAG_SB"         @ string offset=1347
.Linfo_string109:
	.asciz	"USART_FLAG_AM"         @ string offset=1361
.Linfo_string110:
	.asciz	"USART_FLAG_BSY"        @ string offset=1375
.Linfo_string111:
	.asciz	"USART_FLAG_ABD"        @ string offset=1390
.Linfo_string112:
	.asciz	"USART_FLAG_ABDE"       @ string offset=1405
.Linfo_string113:
	.asciz	"USART_FLAG_EB"         @ string offset=1421
.Linfo_string114:
	.asciz	"USART_FLAG_RT"         @ string offset=1435
.Linfo_string115:
	.asciz	"USART_FLAG_CTS"        @ string offset=1449
.Linfo_string116:
	.asciz	"USART_FLAG_CTSF"       @ string offset=1464
.Linfo_string117:
	.asciz	"USART_FLAG_LBD"        @ string offset=1480
.Linfo_string118:
	.asciz	"USART_FLAG_TBE"        @ string offset=1495
.Linfo_string119:
	.asciz	"USART_FLAG_TC"         @ string offset=1510
.Linfo_string120:
	.asciz	"USART_FLAG_RBNE"       @ string offset=1524
.Linfo_string121:
	.asciz	"USART_FLAG_IDLE"       @ string offset=1540
.Linfo_string122:
	.asciz	"USART_FLAG_ORERR"      @ string offset=1556
.Linfo_string123:
	.asciz	"USART_FLAG_NERR"       @ string offset=1573
.Linfo_string124:
	.asciz	"USART_FLAG_FERR"       @ string offset=1589
.Linfo_string125:
	.asciz	"USART_FLAG_PERR"       @ string offset=1605
.Linfo_string126:
	.asciz	"USART_FLAG_EPERR"      @ string offset=1621
.Linfo_string127:
	.asciz	"USART_FLAG_RFFINT"     @ string offset=1638
.Linfo_string128:
	.asciz	"USART_FLAG_RFF"        @ string offset=1656
.Linfo_string129:
	.asciz	"USART_FLAG_RFE"        @ string offset=1671
.Linfo_string130:
	.asciz	"DRV_IWDG_Init"         @ string offset=1686
.Linfo_string131:
	.asciz	"rs485_Init"            @ string offset=1700
.Linfo_string132:
	.asciz	"delayms"               @ string offset=1711
.Linfo_string133:
	.asciz	"main"                  @ string offset=1719
.Linfo_string134:
	.asciz	"int"                   @ string offset=1724
.Linfo_string135:
	.asciz	"com_gpio_init"         @ string offset=1728
.Linfo_string136:
	.asciz	"com_usart_init"        @ string offset=1742
.Linfo_string137:
	.asciz	"fputc"                 @ string offset=1757
.Linfo_string138:
	.asciz	"i"                     @ string offset=1763
.Linfo_string139:
	.asciz	"j"                     @ string offset=1765
.Linfo_string140:
	.asciz	"ch"                    @ string offset=1767
.Linfo_string141:
	.asciz	"f"                     @ string offset=1770
.Linfo_string142:
	.asciz	"__FILE_opaque"         @ string offset=1772
.Linfo_string143:
	.asciz	"__FILE_alignment"      @ string offset=1786
.Linfo_string144:
	.asciz	"long int"              @ string offset=1803
.Linfo_string145:
	.asciz	"__FILE_size"           @ string offset=1812
.Linfo_string146:
	.asciz	"char"                  @ string offset=1824
.Linfo_string147:
	.asciz	"__FILE"                @ string offset=1829
.Linfo_string148:
	.asciz	"FILE"                  @ string offset=1836
	.section	.debug_abbrev,"",%progbits
	.byte	1                       @ Abbreviation Code
	.byte	17                      @ DW_TAG_compile_unit
	.byte	1                       @ DW_CHILDREN_yes
	.byte	37                      @ DW_AT_producer
	.byte	14                      @ DW_FORM_strp
	.byte	19                      @ DW_AT_language
	.byte	5                       @ DW_FORM_data2
	.byte	3                       @ DW_AT_name
	.byte	14                      @ DW_FORM_strp
	.byte	16                      @ DW_AT_stmt_list
	.byte	6                       @ DW_FORM_data4
	.byte	27                      @ DW_AT_comp_dir
	.byte	14                      @ DW_FORM_strp
	.byte	17                      @ DW_AT_low_pc
	.byte	1                       @ DW_FORM_addr
	.byte	85                      @ DW_AT_ranges
	.byte	6                       @ DW_FORM_data4
	.byte	0                       @ EOM(1)
	.byte	0                       @ EOM(2)
	.byte	2                       @ Abbreviation Code
	.byte	52                      @ DW_TAG_variable
	.byte	0                       @ DW_CHILDREN_no
	.byte	3                       @ DW_AT_name
	.byte	14                      @ DW_FORM_strp
	.byte	73                      @ DW_AT_type
	.byte	19                      @ DW_FORM_ref4
	.byte	63                      @ DW_AT_external
	.byte	12                      @ DW_FORM_flag
	.byte	58                      @ DW_AT_decl_file
	.byte	11                      @ DW_FORM_data1
	.byte	59                      @ DW_AT_decl_line
	.byte	11                      @ DW_FORM_data1
	.byte	2                       @ DW_AT_location
	.byte	10                      @ DW_FORM_block1
	.byte	0                       @ EOM(1)
	.byte	0                       @ EOM(2)
	.byte	3                       @ Abbreviation Code
	.byte	22                      @ DW_TAG_typedef
	.byte	0                       @ DW_CHILDREN_no
	.byte	73                      @ DW_AT_type
	.byte	19                      @ DW_FORM_ref4
	.byte	3                       @ DW_AT_name
	.byte	14                      @ DW_FORM_strp
	.byte	58                      @ DW_AT_decl_file
	.byte	11                      @ DW_FORM_data1
	.byte	59                      @ DW_AT_decl_line
	.byte	11                      @ DW_FORM_data1
	.byte	0                       @ EOM(1)
	.byte	0                       @ EOM(2)
	.byte	4                       @ Abbreviation Code
	.byte	36                      @ DW_TAG_base_type
	.byte	0                       @ DW_CHILDREN_no
	.byte	3                       @ DW_AT_name
	.byte	14                      @ DW_FORM_strp
	.byte	62                      @ DW_AT_encoding
	.byte	11                      @ DW_FORM_data1
	.byte	11                      @ DW_AT_byte_size
	.byte	11                      @ DW_FORM_data1
	.byte	0                       @ EOM(1)
	.byte	0                       @ EOM(2)
	.byte	5                       @ Abbreviation Code
	.byte	1                       @ DW_TAG_array_type
	.byte	1                       @ DW_CHILDREN_yes
	.byte	73                      @ DW_AT_type
	.byte	19                      @ DW_FORM_ref4
	.byte	0                       @ EOM(1)
	.byte	0                       @ EOM(2)
	.byte	6                       @ Abbreviation Code
	.byte	33                      @ DW_TAG_subrange_type
	.byte	0                       @ DW_CHILDREN_no
	.byte	73                      @ DW_AT_type
	.byte	19                      @ DW_FORM_ref4
	.byte	55                      @ DW_AT_count
	.byte	11                      @ DW_FORM_data1
	.byte	0                       @ EOM(1)
	.byte	0                       @ EOM(2)
	.byte	7                       @ Abbreviation Code
	.byte	36                      @ DW_TAG_base_type
	.byte	0                       @ DW_CHILDREN_no
	.byte	3                       @ DW_AT_name
	.byte	14                      @ DW_FORM_strp
	.byte	11                      @ DW_AT_byte_size
	.byte	11                      @ DW_FORM_data1
	.byte	62                      @ DW_AT_encoding
	.byte	11                      @ DW_FORM_data1
	.byte	0                       @ EOM(1)
	.byte	0                       @ EOM(2)
	.byte	8                       @ Abbreviation Code
	.byte	4                       @ DW_TAG_enumeration_type
	.byte	1                       @ DW_CHILDREN_yes
	.byte	73                      @ DW_AT_type
	.byte	19                      @ DW_FORM_ref4
	.byte	11                      @ DW_AT_byte_size
	.byte	11                      @ DW_FORM_data1
	.byte	58                      @ DW_AT_decl_file
	.byte	11                      @ DW_FORM_data1
	.byte	59                      @ DW_AT_decl_line
	.byte	5                       @ DW_FORM_data2
	.byte	0                       @ EOM(1)
	.byte	0                       @ EOM(2)
	.byte	9                       @ Abbreviation Code
	.byte	40                      @ DW_TAG_enumerator
	.byte	0                       @ DW_CHILDREN_no
	.byte	3                       @ DW_AT_name
	.byte	14                      @ DW_FORM_strp
	.byte	28                      @ DW_AT_const_value
	.byte	15                      @ DW_FORM_udata
	.byte	0                       @ EOM(1)
	.byte	0                       @ EOM(2)
	.byte	10                      @ Abbreviation Code
	.byte	4                       @ DW_TAG_enumeration_type
	.byte	1                       @ DW_CHILDREN_yes
	.byte	73                      @ DW_AT_type
	.byte	19                      @ DW_FORM_ref4
	.byte	11                      @ DW_AT_byte_size
	.byte	11                      @ DW_FORM_data1
	.byte	58                      @ DW_AT_decl_file
	.byte	11                      @ DW_FORM_data1
	.byte	59                      @ DW_AT_decl_line
	.byte	11                      @ DW_FORM_data1
	.byte	0                       @ EOM(1)
	.byte	0                       @ EOM(2)
	.byte	11                      @ Abbreviation Code
	.byte	4                       @ DW_TAG_enumeration_type
	.byte	1                       @ DW_CHILDREN_yes
	.byte	73                      @ DW_AT_type
	.byte	19                      @ DW_FORM_ref4
	.byte	3                       @ DW_AT_name
	.byte	14                      @ DW_FORM_strp
	.byte	11                      @ DW_AT_byte_size
	.byte	11                      @ DW_FORM_data1
	.byte	58                      @ DW_AT_decl_file
	.byte	11                      @ DW_FORM_data1
	.byte	59                      @ DW_AT_decl_line
	.byte	11                      @ DW_FORM_data1
	.byte	0                       @ EOM(1)
	.byte	0                       @ EOM(2)
	.byte	12                      @ Abbreviation Code
	.byte	40                      @ DW_TAG_enumerator
	.byte	0                       @ DW_CHILDREN_no
	.byte	3                       @ DW_AT_name
	.byte	14                      @ DW_FORM_strp
	.byte	28                      @ DW_AT_const_value
	.byte	13                      @ DW_FORM_sdata
	.byte	0                       @ EOM(1)
	.byte	0                       @ EOM(2)
	.byte	13                      @ Abbreviation Code
	.byte	46                      @ DW_TAG_subprogram
	.byte	0                       @ DW_CHILDREN_no
	.byte	17                      @ DW_AT_low_pc
	.byte	1                       @ DW_FORM_addr
	.byte	18                      @ DW_AT_high_pc
	.byte	1                       @ DW_FORM_addr
	.byte	64                      @ DW_AT_frame_base
	.byte	10                      @ DW_FORM_block1
	.byte	3                       @ DW_AT_name
	.byte	14                      @ DW_FORM_strp
	.byte	58                      @ DW_AT_decl_file
	.byte	11                      @ DW_FORM_data1
	.byte	59                      @ DW_AT_decl_line
	.byte	11                      @ DW_FORM_data1
	.byte	39                      @ DW_AT_prototyped
	.byte	12                      @ DW_FORM_flag
	.byte	63                      @ DW_AT_external
	.byte	12                      @ DW_FORM_flag
	.byte	0                       @ EOM(1)
	.byte	0                       @ EOM(2)
	.byte	14                      @ Abbreviation Code
	.byte	46                      @ DW_TAG_subprogram
	.byte	1                       @ DW_CHILDREN_yes
	.byte	17                      @ DW_AT_low_pc
	.byte	1                       @ DW_FORM_addr
	.byte	18                      @ DW_AT_high_pc
	.byte	1                       @ DW_FORM_addr
	.byte	64                      @ DW_AT_frame_base
	.byte	10                      @ DW_FORM_block1
	.byte	3                       @ DW_AT_name
	.byte	14                      @ DW_FORM_strp
	.byte	58                      @ DW_AT_decl_file
	.byte	11                      @ DW_FORM_data1
	.byte	59                      @ DW_AT_decl_line
	.byte	11                      @ DW_FORM_data1
	.byte	63                      @ DW_AT_external
	.byte	12                      @ DW_FORM_flag
	.byte	0                       @ EOM(1)
	.byte	0                       @ EOM(2)
	.byte	15                      @ Abbreviation Code
	.byte	52                      @ DW_TAG_variable
	.byte	0                       @ DW_CHILDREN_no
	.byte	2                       @ DW_AT_location
	.byte	10                      @ DW_FORM_block1
	.byte	3                       @ DW_AT_name
	.byte	14                      @ DW_FORM_strp
	.byte	58                      @ DW_AT_decl_file
	.byte	11                      @ DW_FORM_data1
	.byte	59                      @ DW_AT_decl_line
	.byte	11                      @ DW_FORM_data1
	.byte	73                      @ DW_AT_type
	.byte	19                      @ DW_FORM_ref4
	.byte	0                       @ EOM(1)
	.byte	0                       @ EOM(2)
	.byte	16                      @ Abbreviation Code
	.byte	46                      @ DW_TAG_subprogram
	.byte	1                       @ DW_CHILDREN_yes
	.byte	17                      @ DW_AT_low_pc
	.byte	1                       @ DW_FORM_addr
	.byte	18                      @ DW_AT_high_pc
	.byte	1                       @ DW_FORM_addr
	.byte	64                      @ DW_AT_frame_base
	.byte	10                      @ DW_FORM_block1
	.byte	3                       @ DW_AT_name
	.byte	14                      @ DW_FORM_strp
	.byte	58                      @ DW_AT_decl_file
	.byte	11                      @ DW_FORM_data1
	.byte	59                      @ DW_AT_decl_line
	.byte	11                      @ DW_FORM_data1
	.byte	39                      @ DW_AT_prototyped
	.byte	12                      @ DW_FORM_flag
	.byte	73                      @ DW_AT_type
	.byte	19                      @ DW_FORM_ref4
	.byte	63                      @ DW_AT_external
	.byte	12                      @ DW_FORM_flag
	.byte	0                       @ EOM(1)
	.byte	0                       @ EOM(2)
	.byte	17                      @ Abbreviation Code
	.byte	46                      @ DW_TAG_subprogram
	.byte	1                       @ DW_CHILDREN_yes
	.byte	17                      @ DW_AT_low_pc
	.byte	1                       @ DW_FORM_addr
	.byte	18                      @ DW_AT_high_pc
	.byte	1                       @ DW_FORM_addr
	.byte	64                      @ DW_AT_frame_base
	.byte	10                      @ DW_FORM_block1
	.byte	3                       @ DW_AT_name
	.byte	14                      @ DW_FORM_strp
	.byte	58                      @ DW_AT_decl_file
	.byte	11                      @ DW_FORM_data1
	.byte	59                      @ DW_AT_decl_line
	.byte	5                       @ DW_FORM_data2
	.byte	39                      @ DW_AT_prototyped
	.byte	12                      @ DW_FORM_flag
	.byte	73                      @ DW_AT_type
	.byte	19                      @ DW_FORM_ref4
	.byte	63                      @ DW_AT_external
	.byte	12                      @ DW_FORM_flag
	.byte	0                       @ EOM(1)
	.byte	0                       @ EOM(2)
	.byte	18                      @ Abbreviation Code
	.byte	5                       @ DW_TAG_formal_parameter
	.byte	0                       @ DW_CHILDREN_no
	.byte	2                       @ DW_AT_location
	.byte	10                      @ DW_FORM_block1
	.byte	3                       @ DW_AT_name
	.byte	14                      @ DW_FORM_strp
	.byte	58                      @ DW_AT_decl_file
	.byte	11                      @ DW_FORM_data1
	.byte	59                      @ DW_AT_decl_line
	.byte	5                       @ DW_FORM_data2
	.byte	73                      @ DW_AT_type
	.byte	19                      @ DW_FORM_ref4
	.byte	0                       @ EOM(1)
	.byte	0                       @ EOM(2)
	.byte	19                      @ Abbreviation Code
	.byte	15                      @ DW_TAG_pointer_type
	.byte	0                       @ DW_CHILDREN_no
	.byte	73                      @ DW_AT_type
	.byte	19                      @ DW_FORM_ref4
	.byte	0                       @ EOM(1)
	.byte	0                       @ EOM(2)
	.byte	20                      @ Abbreviation Code
	.byte	19                      @ DW_TAG_structure_type
	.byte	1                       @ DW_CHILDREN_yes
	.byte	3                       @ DW_AT_name
	.byte	14                      @ DW_FORM_strp
	.byte	11                      @ DW_AT_byte_size
	.byte	11                      @ DW_FORM_data1
	.byte	58                      @ DW_AT_decl_file
	.byte	11                      @ DW_FORM_data1
	.byte	59                      @ DW_AT_decl_line
	.byte	11                      @ DW_FORM_data1
	.byte	0                       @ EOM(1)
	.byte	0                       @ EOM(2)
	.byte	21                      @ Abbreviation Code
	.byte	13                      @ DW_TAG_member
	.byte	0                       @ DW_CHILDREN_no
	.byte	3                       @ DW_AT_name
	.byte	14                      @ DW_FORM_strp
	.byte	73                      @ DW_AT_type
	.byte	19                      @ DW_FORM_ref4
	.byte	58                      @ DW_AT_decl_file
	.byte	11                      @ DW_FORM_data1
	.byte	59                      @ DW_AT_decl_line
	.byte	11                      @ DW_FORM_data1
	.byte	56                      @ DW_AT_data_member_location
	.byte	11                      @ DW_FORM_data1
	.byte	0                       @ EOM(1)
	.byte	0                       @ EOM(2)
	.byte	22                      @ Abbreviation Code
	.byte	23                      @ DW_TAG_union_type
	.byte	1                       @ DW_CHILDREN_yes
	.byte	11                      @ DW_AT_byte_size
	.byte	11                      @ DW_FORM_data1
	.byte	58                      @ DW_AT_decl_file
	.byte	11                      @ DW_FORM_data1
	.byte	59                      @ DW_AT_decl_line
	.byte	11                      @ DW_FORM_data1
	.byte	0                       @ EOM(1)
	.byte	0                       @ EOM(2)
	.byte	0                       @ EOM(3)
	.section	.debug_info,"",%progbits
.Lcu_begin0:
	.long	.Ldebug_info_end0-.Ldebug_info_start0 @ Length of Unit
.Ldebug_info_start0:
	.short	3                       @ DWARF version number
	.long	.debug_abbrev           @ Offset Into Abbrev. Section
	.byte	4                       @ Address Size (in bytes)
	.byte	1                       @ Abbrev [1] 0xb:0x56c DW_TAG_compile_unit
	.long	.Linfo_string0          @ DW_AT_producer
	.short	12                      @ DW_AT_language
	.long	.Linfo_string1          @ DW_AT_name
	.long	.Lline_table_start0     @ DW_AT_stmt_list
	.long	.Linfo_string2          @ DW_AT_comp_dir
	.long	0                       @ DW_AT_low_pc
	.long	.Ldebug_ranges0         @ DW_AT_ranges
	.byte	2                       @ Abbrev [2] 0x26:0x12 DW_TAG_variable
	.long	.Linfo_string3          @ DW_AT_name
	.long	56                      @ DW_AT_type
	.byte	1                       @ DW_AT_external
	.byte	2                       @ DW_AT_decl_file
	.byte	50                      @ DW_AT_decl_line
	.byte	5                       @ DW_AT_location
	.byte	3
	.long	receive
	.byte	3                       @ Abbrev [3] 0x38:0xb DW_TAG_typedef
	.long	67                      @ DW_AT_type
	.long	.Linfo_string5          @ DW_AT_name
	.byte	1                       @ DW_AT_decl_file
	.byte	62                      @ DW_AT_decl_line
	.byte	4                       @ Abbrev [4] 0x43:0x7 DW_TAG_base_type
	.long	.Linfo_string4          @ DW_AT_name
	.byte	8                       @ DW_AT_encoding
	.byte	1                       @ DW_AT_byte_size
	.byte	2                       @ Abbrev [2] 0x4a:0x12 DW_TAG_variable
	.long	.Linfo_string6          @ DW_AT_name
	.long	92                      @ DW_AT_type
	.byte	1                       @ DW_AT_external
	.byte	2                       @ DW_AT_decl_file
	.byte	51                      @ DW_AT_decl_line
	.byte	5                       @ DW_AT_location
	.byte	3
	.long	receive1
	.byte	3                       @ Abbrev [3] 0x5c:0xb DW_TAG_typedef
	.long	103                     @ DW_AT_type
	.long	.Linfo_string8          @ DW_AT_name
	.byte	1                       @ DW_AT_decl_file
	.byte	64                      @ DW_AT_decl_line
	.byte	4                       @ Abbrev [4] 0x67:0x7 DW_TAG_base_type
	.long	.Linfo_string7          @ DW_AT_name
	.byte	7                       @ DW_AT_encoding
	.byte	4                       @ DW_AT_byte_size
	.byte	2                       @ Abbrev [2] 0x6e:0x12 DW_TAG_variable
	.long	.Linfo_string9          @ DW_AT_name
	.long	128                     @ DW_AT_type
	.byte	1                       @ DW_AT_external
	.byte	2                       @ DW_AT_decl_file
	.byte	53                      @ DW_AT_decl_line
	.byte	5                       @ DW_AT_location
	.byte	3
	.long	tt1
	.byte	3                       @ Abbrev [3] 0x80:0xb DW_TAG_typedef
	.long	139                     @ DW_AT_type
	.long	.Linfo_string11         @ DW_AT_name
	.byte	1                       @ DW_AT_decl_file
	.byte	63                      @ DW_AT_decl_line
	.byte	4                       @ Abbrev [4] 0x8b:0x7 DW_TAG_base_type
	.long	.Linfo_string10         @ DW_AT_name
	.byte	7                       @ DW_AT_encoding
	.byte	2                       @ DW_AT_byte_size
	.byte	2                       @ Abbrev [2] 0x92:0x12 DW_TAG_variable
	.long	.Linfo_string12         @ DW_AT_name
	.long	92                      @ DW_AT_type
	.byte	1                       @ DW_AT_external
	.byte	2                       @ DW_AT_decl_file
	.byte	54                      @ DW_AT_decl_line
	.byte	5                       @ DW_AT_location
	.byte	3
	.long	time1
	.byte	2                       @ Abbrev [2] 0xa4:0x12 DW_TAG_variable
	.long	.Linfo_string13         @ DW_AT_name
	.long	182                     @ DW_AT_type
	.byte	1                       @ DW_AT_external
	.byte	2                       @ DW_AT_decl_file
	.byte	56                      @ DW_AT_decl_line
	.byte	5                       @ DW_AT_location
	.byte	3
	.long	transmitter_buffer
	.byte	5                       @ Abbrev [5] 0xb6:0xc DW_TAG_array_type
	.long	56                      @ DW_AT_type
	.byte	6                       @ Abbrev [6] 0xbb:0x6 DW_TAG_subrange_type
	.long	194                     @ DW_AT_type
	.byte	25                      @ DW_AT_count
	.byte	0                       @ End Of Children Mark
	.byte	7                       @ Abbrev [7] 0xc2:0x7 DW_TAG_base_type
	.long	.Linfo_string14         @ DW_AT_name
	.byte	8                       @ DW_AT_byte_size
	.byte	7                       @ DW_AT_encoding
	.byte	2                       @ Abbrev [2] 0xc9:0x12 DW_TAG_variable
	.long	.Linfo_string15         @ DW_AT_name
	.long	56                      @ DW_AT_type
	.byte	1                       @ DW_AT_external
	.byte	2                       @ DW_AT_decl_file
	.byte	58                      @ DW_AT_decl_line
	.byte	5                       @ DW_AT_location
	.byte	3
	.long	time_tick
	.byte	2                       @ Abbrev [2] 0xdb:0x12 DW_TAG_variable
	.long	.Linfo_string16         @ DW_AT_name
	.long	56                      @ DW_AT_type
	.byte	1                       @ DW_AT_external
	.byte	2                       @ DW_AT_decl_file
	.byte	115                     @ DW_AT_decl_line
	.byte	5                       @ DW_AT_location
	.byte	3
	.long	current_sta
	.byte	2                       @ Abbrev [2] 0xed:0x12 DW_TAG_variable
	.long	.Linfo_string17         @ DW_AT_name
	.long	56                      @ DW_AT_type
	.byte	1                       @ DW_AT_external
	.byte	2                       @ DW_AT_decl_file
	.byte	52                      @ DW_AT_decl_line
	.byte	5                       @ DW_AT_location
	.byte	3
	.long	bou
	.byte	2                       @ Abbrev [2] 0xff:0x12 DW_TAG_variable
	.long	.Linfo_string18         @ DW_AT_name
	.long	56                      @ DW_AT_type
	.byte	1                       @ DW_AT_external
	.byte	2                       @ DW_AT_decl_file
	.byte	52                      @ DW_AT_decl_line
	.byte	5                       @ DW_AT_location
	.byte	3
	.long	bou1
	.byte	8                       @ Abbrev [8] 0x111:0x31 DW_TAG_enumeration_type
	.long	139                     @ DW_AT_type
	.byte	2                       @ DW_AT_byte_size
	.byte	3                       @ DW_AT_decl_file
	.short	394                     @ DW_AT_decl_line
	.byte	9                       @ Abbrev [9] 0x11a:0x6 DW_TAG_enumerator
	.long	.Linfo_string19         @ DW_AT_name
	.byte	16                      @ DW_AT_const_value
	.byte	9                       @ Abbrev [9] 0x120:0x7 DW_TAG_enumerator
	.long	.Linfo_string20         @ DW_AT_name
	.ascii	"\200\020"              @ DW_AT_const_value
	.byte	9                       @ Abbrev [9] 0x127:0x6 DW_TAG_enumerator
	.long	.Linfo_string21         @ DW_AT_name
	.byte	0                       @ DW_AT_const_value
	.byte	9                       @ Abbrev [9] 0x12d:0x7 DW_TAG_enumerator
	.long	.Linfo_string22         @ DW_AT_name
	.ascii	"\200\032"              @ DW_AT_const_value
	.byte	9                       @ Abbrev [9] 0x134:0x7 DW_TAG_enumerator
	.long	.Linfo_string23         @ DW_AT_name
	.ascii	"\200\022"              @ DW_AT_const_value
	.byte	9                       @ Abbrev [9] 0x13b:0x6 DW_TAG_enumerator
	.long	.Linfo_string24         @ DW_AT_name
	.byte	24                      @ DW_AT_const_value
	.byte	0                       @ End Of Children Mark
	.byte	10                      @ Abbrev [10] 0x142:0x15 DW_TAG_enumeration_type
	.long	67                      @ DW_AT_type
	.byte	1                       @ DW_AT_byte_size
	.byte	4                       @ DW_AT_decl_file
	.byte	159                     @ DW_AT_decl_line
	.byte	9                       @ Abbrev [9] 0x14a:0x6 DW_TAG_enumerator
	.long	.Linfo_string25         @ DW_AT_name
	.byte	0                       @ DW_AT_const_value
	.byte	9                       @ Abbrev [9] 0x150:0x6 DW_TAG_enumerator
	.long	.Linfo_string26         @ DW_AT_name
	.byte	1                       @ DW_AT_const_value
	.byte	0                       @ End Of Children Mark
	.byte	10                      @ Abbrev [10] 0x157:0xb8 DW_TAG_enumeration_type
	.long	139                     @ DW_AT_type
	.byte	2                       @ DW_AT_byte_size
	.byte	3                       @ DW_AT_decl_file
	.byte	248                     @ DW_AT_decl_line
	.byte	9                       @ Abbrev [9] 0x15f:0x7 DW_TAG_enumerator
	.long	.Linfo_string27         @ DW_AT_name
	.ascii	"\200\n"                @ DW_AT_const_value
	.byte	9                       @ Abbrev [9] 0x166:0x7 DW_TAG_enumerator
	.long	.Linfo_string28         @ DW_AT_name
	.ascii	"\206\n"                @ DW_AT_const_value
	.byte	9                       @ Abbrev [9] 0x16d:0x7 DW_TAG_enumerator
	.long	.Linfo_string29         @ DW_AT_name
	.ascii	"\221\n"                @ DW_AT_const_value
	.byte	9                       @ Abbrev [9] 0x174:0x7 DW_TAG_enumerator
	.long	.Linfo_string30         @ DW_AT_name
	.ascii	"\222\n"                @ DW_AT_const_value
	.byte	9                       @ Abbrev [9] 0x17b:0x7 DW_TAG_enumerator
	.long	.Linfo_string31         @ DW_AT_name
	.ascii	"\223\n"                @ DW_AT_const_value
	.byte	9                       @ Abbrev [9] 0x182:0x7 DW_TAG_enumerator
	.long	.Linfo_string32         @ DW_AT_name
	.ascii	"\226\n"                @ DW_AT_const_value
	.byte	9                       @ Abbrev [9] 0x189:0x7 DW_TAG_enumerator
	.long	.Linfo_string33         @ DW_AT_name
	.ascii	"\200\f"                @ DW_AT_const_value
	.byte	9                       @ Abbrev [9] 0x190:0x7 DW_TAG_enumerator
	.long	.Linfo_string34         @ DW_AT_name
	.ascii	"\211\f"                @ DW_AT_const_value
	.byte	9                       @ Abbrev [9] 0x197:0x7 DW_TAG_enumerator
	.long	.Linfo_string35         @ DW_AT_name
	.ascii	"\213\f"                @ DW_AT_const_value
	.byte	9                       @ Abbrev [9] 0x19e:0x7 DW_TAG_enumerator
	.long	.Linfo_string36         @ DW_AT_name
	.ascii	"\214\f"                @ DW_AT_const_value
	.byte	9                       @ Abbrev [9] 0x1a5:0x7 DW_TAG_enumerator
	.long	.Linfo_string37         @ DW_AT_name
	.ascii	"\216\f"                @ DW_AT_const_value
	.byte	9                       @ Abbrev [9] 0x1ac:0x7 DW_TAG_enumerator
	.long	.Linfo_string38         @ DW_AT_name
	.ascii	"\220\f"                @ DW_AT_const_value
	.byte	9                       @ Abbrev [9] 0x1b3:0x7 DW_TAG_enumerator
	.long	.Linfo_string39         @ DW_AT_name
	.ascii	"\221\f"                @ DW_AT_const_value
	.byte	9                       @ Abbrev [9] 0x1ba:0x7 DW_TAG_enumerator
	.long	.Linfo_string40         @ DW_AT_name
	.ascii	"\222\f"                @ DW_AT_const_value
	.byte	9                       @ Abbrev [9] 0x1c1:0x7 DW_TAG_enumerator
	.long	.Linfo_string41         @ DW_AT_name
	.ascii	"\226\f"                @ DW_AT_const_value
	.byte	9                       @ Abbrev [9] 0x1c8:0x7 DW_TAG_enumerator
	.long	.Linfo_string42         @ DW_AT_name
	.ascii	"\201\016"              @ DW_AT_const_value
	.byte	9                       @ Abbrev [9] 0x1cf:0x7 DW_TAG_enumerator
	.long	.Linfo_string43         @ DW_AT_name
	.ascii	"\204\016"              @ DW_AT_const_value
	.byte	9                       @ Abbrev [9] 0x1d6:0x7 DW_TAG_enumerator
	.long	.Linfo_string44         @ DW_AT_name
	.ascii	"\210\016"              @ DW_AT_const_value
	.byte	9                       @ Abbrev [9] 0x1dd:0x7 DW_TAG_enumerator
	.long	.Linfo_string45         @ DW_AT_name
	.ascii	"\213\016"              @ DW_AT_const_value
	.byte	9                       @ Abbrev [9] 0x1e4:0x7 DW_TAG_enumerator
	.long	.Linfo_string46         @ DW_AT_name
	.ascii	"\216\016"              @ DW_AT_const_value
	.byte	9                       @ Abbrev [9] 0x1eb:0x7 DW_TAG_enumerator
	.long	.Linfo_string47         @ DW_AT_name
	.ascii	"\221\016"              @ DW_AT_const_value
	.byte	9                       @ Abbrev [9] 0x1f2:0x7 DW_TAG_enumerator
	.long	.Linfo_string48         @ DW_AT_name
	.ascii	"\225\016"              @ DW_AT_const_value
	.byte	9                       @ Abbrev [9] 0x1f9:0x7 DW_TAG_enumerator
	.long	.Linfo_string49         @ DW_AT_name
	.ascii	"\226\016"              @ DW_AT_const_value
	.byte	9                       @ Abbrev [9] 0x200:0x7 DW_TAG_enumerator
	.long	.Linfo_string50         @ DW_AT_name
	.ascii	"\234\016"              @ DW_AT_const_value
	.byte	9                       @ Abbrev [9] 0x207:0x7 DW_TAG_enumerator
	.long	.Linfo_string51         @ DW_AT_name
	.ascii	"\217\020"              @ DW_AT_const_value
	.byte	0                       @ End Of Children Mark
	.byte	11                      @ Abbrev [11] 0x20f:0xd3 DW_TAG_enumeration_type
	.long	738                     @ DW_AT_type
	.long	.Linfo_string86         @ DW_AT_name
	.byte	1                       @ DW_AT_byte_size
	.byte	4                       @ DW_AT_decl_file
	.byte	110                     @ DW_AT_decl_line
	.byte	12                      @ Abbrev [12] 0x21b:0x6 DW_TAG_enumerator
	.long	.Linfo_string53         @ DW_AT_name
	.byte	114                     @ DW_AT_const_value
	.byte	12                      @ Abbrev [12] 0x221:0x6 DW_TAG_enumerator
	.long	.Linfo_string54         @ DW_AT_name
	.byte	115                     @ DW_AT_const_value
	.byte	12                      @ Abbrev [12] 0x227:0x6 DW_TAG_enumerator
	.long	.Linfo_string55         @ DW_AT_name
	.byte	123                     @ DW_AT_const_value
	.byte	12                      @ Abbrev [12] 0x22d:0x6 DW_TAG_enumerator
	.long	.Linfo_string56         @ DW_AT_name
	.byte	126                     @ DW_AT_const_value
	.byte	12                      @ Abbrev [12] 0x233:0x6 DW_TAG_enumerator
	.long	.Linfo_string57         @ DW_AT_name
	.byte	127                     @ DW_AT_const_value
	.byte	12                      @ Abbrev [12] 0x239:0x6 DW_TAG_enumerator
	.long	.Linfo_string58         @ DW_AT_name
	.byte	0                       @ DW_AT_const_value
	.byte	12                      @ Abbrev [12] 0x23f:0x6 DW_TAG_enumerator
	.long	.Linfo_string59         @ DW_AT_name
	.byte	1                       @ DW_AT_const_value
	.byte	12                      @ Abbrev [12] 0x245:0x6 DW_TAG_enumerator
	.long	.Linfo_string60         @ DW_AT_name
	.byte	2                       @ DW_AT_const_value
	.byte	12                      @ Abbrev [12] 0x24b:0x6 DW_TAG_enumerator
	.long	.Linfo_string61         @ DW_AT_name
	.byte	3                       @ DW_AT_const_value
	.byte	12                      @ Abbrev [12] 0x251:0x6 DW_TAG_enumerator
	.long	.Linfo_string62         @ DW_AT_name
	.byte	4                       @ DW_AT_const_value
	.byte	12                      @ Abbrev [12] 0x257:0x6 DW_TAG_enumerator
	.long	.Linfo_string63         @ DW_AT_name
	.byte	5                       @ DW_AT_const_value
	.byte	12                      @ Abbrev [12] 0x25d:0x6 DW_TAG_enumerator
	.long	.Linfo_string64         @ DW_AT_name
	.byte	6                       @ DW_AT_const_value
	.byte	12                      @ Abbrev [12] 0x263:0x6 DW_TAG_enumerator
	.long	.Linfo_string65         @ DW_AT_name
	.byte	7                       @ DW_AT_const_value
	.byte	12                      @ Abbrev [12] 0x269:0x6 DW_TAG_enumerator
	.long	.Linfo_string66         @ DW_AT_name
	.byte	9                       @ DW_AT_const_value
	.byte	12                      @ Abbrev [12] 0x26f:0x6 DW_TAG_enumerator
	.long	.Linfo_string67         @ DW_AT_name
	.byte	10                      @ DW_AT_const_value
	.byte	12                      @ Abbrev [12] 0x275:0x6 DW_TAG_enumerator
	.long	.Linfo_string68         @ DW_AT_name
	.byte	11                      @ DW_AT_const_value
	.byte	12                      @ Abbrev [12] 0x27b:0x6 DW_TAG_enumerator
	.long	.Linfo_string69         @ DW_AT_name
	.byte	12                      @ DW_AT_const_value
	.byte	12                      @ Abbrev [12] 0x281:0x6 DW_TAG_enumerator
	.long	.Linfo_string70         @ DW_AT_name
	.byte	13                      @ DW_AT_const_value
	.byte	12                      @ Abbrev [12] 0x287:0x6 DW_TAG_enumerator
	.long	.Linfo_string71         @ DW_AT_name
	.byte	14                      @ DW_AT_const_value
	.byte	12                      @ Abbrev [12] 0x28d:0x6 DW_TAG_enumerator
	.long	.Linfo_string72         @ DW_AT_name
	.byte	16                      @ DW_AT_const_value
	.byte	12                      @ Abbrev [12] 0x293:0x6 DW_TAG_enumerator
	.long	.Linfo_string73         @ DW_AT_name
	.byte	17                      @ DW_AT_const_value
	.byte	12                      @ Abbrev [12] 0x299:0x6 DW_TAG_enumerator
	.long	.Linfo_string74         @ DW_AT_name
	.byte	19                      @ DW_AT_const_value
	.byte	12                      @ Abbrev [12] 0x29f:0x6 DW_TAG_enumerator
	.long	.Linfo_string75         @ DW_AT_name
	.byte	20                      @ DW_AT_const_value
	.byte	12                      @ Abbrev [12] 0x2a5:0x6 DW_TAG_enumerator
	.long	.Linfo_string76         @ DW_AT_name
	.byte	21                      @ DW_AT_const_value
	.byte	12                      @ Abbrev [12] 0x2ab:0x6 DW_TAG_enumerator
	.long	.Linfo_string77         @ DW_AT_name
	.byte	22                      @ DW_AT_const_value
	.byte	12                      @ Abbrev [12] 0x2b1:0x6 DW_TAG_enumerator
	.long	.Linfo_string78         @ DW_AT_name
	.byte	23                      @ DW_AT_const_value
	.byte	12                      @ Abbrev [12] 0x2b7:0x6 DW_TAG_enumerator
	.long	.Linfo_string79         @ DW_AT_name
	.byte	24                      @ DW_AT_const_value
	.byte	12                      @ Abbrev [12] 0x2bd:0x6 DW_TAG_enumerator
	.long	.Linfo_string80         @ DW_AT_name
	.byte	25                      @ DW_AT_const_value
	.byte	12                      @ Abbrev [12] 0x2c3:0x6 DW_TAG_enumerator
	.long	.Linfo_string81         @ DW_AT_name
	.byte	26                      @ DW_AT_const_value
	.byte	12                      @ Abbrev [12] 0x2c9:0x6 DW_TAG_enumerator
	.long	.Linfo_string82         @ DW_AT_name
	.byte	27                      @ DW_AT_const_value
	.byte	12                      @ Abbrev [12] 0x2cf:0x6 DW_TAG_enumerator
	.long	.Linfo_string83         @ DW_AT_name
	.byte	28                      @ DW_AT_const_value
	.byte	12                      @ Abbrev [12] 0x2d5:0x6 DW_TAG_enumerator
	.long	.Linfo_string84         @ DW_AT_name
	.byte	32                      @ DW_AT_const_value
	.byte	12                      @ Abbrev [12] 0x2db:0x6 DW_TAG_enumerator
	.long	.Linfo_string85         @ DW_AT_name
	.byte	34                      @ DW_AT_const_value
	.byte	0                       @ End Of Children Mark
	.byte	4                       @ Abbrev [4] 0x2e2:0x7 DW_TAG_base_type
	.long	.Linfo_string52         @ DW_AT_name
	.byte	6                       @ DW_AT_encoding
	.byte	1                       @ DW_AT_byte_size
	.byte	8                       @ Abbrev [8] 0x2e9:0x5d DW_TAG_enumeration_type
	.long	139                     @ DW_AT_type
	.byte	2                       @ DW_AT_byte_size
	.byte	5                       @ DW_AT_decl_file
	.short	279                     @ DW_AT_decl_line
	.byte	9                       @ Abbrev [9] 0x2f2:0x6 DW_TAG_enumerator
	.long	.Linfo_string87         @ DW_AT_name
	.byte	27                      @ DW_AT_const_value
	.byte	9                       @ Abbrev [9] 0x2f8:0x6 DW_TAG_enumerator
	.long	.Linfo_string88         @ DW_AT_name
	.byte	26                      @ DW_AT_const_value
	.byte	9                       @ Abbrev [9] 0x2fe:0x6 DW_TAG_enumerator
	.long	.Linfo_string89         @ DW_AT_name
	.byte	14                      @ DW_AT_const_value
	.byte	9                       @ Abbrev [9] 0x304:0x6 DW_TAG_enumerator
	.long	.Linfo_string90         @ DW_AT_name
	.byte	8                       @ DW_AT_const_value
	.byte	9                       @ Abbrev [9] 0x30a:0x6 DW_TAG_enumerator
	.long	.Linfo_string91         @ DW_AT_name
	.byte	7                       @ DW_AT_const_value
	.byte	9                       @ Abbrev [9] 0x310:0x6 DW_TAG_enumerator
	.long	.Linfo_string92         @ DW_AT_name
	.byte	6                       @ DW_AT_const_value
	.byte	9                       @ Abbrev [9] 0x316:0x6 DW_TAG_enumerator
	.long	.Linfo_string93         @ DW_AT_name
	.byte	5                       @ DW_AT_const_value
	.byte	9                       @ Abbrev [9] 0x31c:0x6 DW_TAG_enumerator
	.long	.Linfo_string94         @ DW_AT_name
	.byte	4                       @ DW_AT_const_value
	.byte	9                       @ Abbrev [9] 0x322:0x7 DW_TAG_enumerator
	.long	.Linfo_string95         @ DW_AT_name
	.ascii	"\206\002"              @ DW_AT_const_value
	.byte	9                       @ Abbrev [9] 0x329:0x7 DW_TAG_enumerator
	.long	.Linfo_string96         @ DW_AT_name
	.ascii	"\226\004"              @ DW_AT_const_value
	.byte	9                       @ Abbrev [9] 0x330:0x7 DW_TAG_enumerator
	.long	.Linfo_string97         @ DW_AT_name
	.ascii	"\212\004"              @ DW_AT_const_value
	.byte	9                       @ Abbrev [9] 0x337:0x7 DW_TAG_enumerator
	.long	.Linfo_string98         @ DW_AT_name
	.ascii	"\200\004"              @ DW_AT_const_value
	.byte	9                       @ Abbrev [9] 0x33e:0x7 DW_TAG_enumerator
	.long	.Linfo_string99         @ DW_AT_name
	.ascii	"\211h"                 @ DW_AT_const_value
	.byte	0                       @ End Of Children Mark
	.byte	10                      @ Abbrev [10] 0x346:0x15 DW_TAG_enumeration_type
	.long	67                      @ DW_AT_type
	.byte	1                       @ DW_AT_byte_size
	.byte	6                       @ DW_AT_decl_file
	.byte	18                      @ DW_AT_decl_line
	.byte	9                       @ Abbrev [9] 0x34e:0x6 DW_TAG_enumerator
	.long	.Linfo_string100        @ DW_AT_name
	.byte	0                       @ DW_AT_const_value
	.byte	9                       @ Abbrev [9] 0x354:0x6 DW_TAG_enumerator
	.long	.Linfo_string101        @ DW_AT_name
	.byte	1                       @ DW_AT_const_value
	.byte	0                       @ End Of Children Mark
	.byte	10                      @ Abbrev [10] 0x35b:0x15 DW_TAG_enumeration_type
	.long	67                      @ DW_AT_type
	.byte	1                       @ DW_AT_byte_size
	.byte	4                       @ DW_AT_decl_file
	.byte	158                     @ DW_AT_decl_line
	.byte	9                       @ Abbrev [9] 0x363:0x6 DW_TAG_enumerator
	.long	.Linfo_string102        @ DW_AT_name
	.byte	0                       @ DW_AT_const_value
	.byte	9                       @ Abbrev [9] 0x369:0x6 DW_TAG_enumerator
	.long	.Linfo_string103        @ DW_AT_name
	.byte	1                       @ DW_AT_const_value
	.byte	0                       @ End Of Children Mark
	.byte	10                      @ Abbrev [10] 0x370:0xbf DW_TAG_enumeration_type
	.long	139                     @ DW_AT_type
	.byte	2                       @ DW_AT_byte_size
	.byte	5                       @ DW_AT_decl_file
	.byte	221                     @ DW_AT_decl_line
	.byte	9                       @ Abbrev [9] 0x378:0x7 DW_TAG_enumerator
	.long	.Linfo_string104        @ DW_AT_name
	.ascii	"\226\016"              @ DW_AT_const_value
	.byte	9                       @ Abbrev [9] 0x37f:0x7 DW_TAG_enumerator
	.long	.Linfo_string105        @ DW_AT_name
	.ascii	"\225\016"              @ DW_AT_const_value
	.byte	9                       @ Abbrev [9] 0x386:0x7 DW_TAG_enumerator
	.long	.Linfo_string106        @ DW_AT_name
	.ascii	"\224\016"              @ DW_AT_const_value
	.byte	9                       @ Abbrev [9] 0x38d:0x7 DW_TAG_enumerator
	.long	.Linfo_string107        @ DW_AT_name
	.ascii	"\223\016"              @ DW_AT_const_value
	.byte	9                       @ Abbrev [9] 0x394:0x7 DW_TAG_enumerator
	.long	.Linfo_string108        @ DW_AT_name
	.ascii	"\222\016"              @ DW_AT_const_value
	.byte	9                       @ Abbrev [9] 0x39b:0x7 DW_TAG_enumerator
	.long	.Linfo_string109        @ DW_AT_name
	.ascii	"\221\016"              @ DW_AT_const_value
	.byte	9                       @ Abbrev [9] 0x3a2:0x7 DW_TAG_enumerator
	.long	.Linfo_string110        @ DW_AT_name
	.ascii	"\220\016"              @ DW_AT_const_value
	.byte	9                       @ Abbrev [9] 0x3a9:0x7 DW_TAG_enumerator
	.long	.Linfo_string111        @ DW_AT_name
	.ascii	"\217\016"              @ DW_AT_const_value
	.byte	9                       @ Abbrev [9] 0x3b0:0x7 DW_TAG_enumerator
	.long	.Linfo_string112        @ DW_AT_name
	.ascii	"\216\016"              @ DW_AT_const_value
	.byte	9                       @ Abbrev [9] 0x3b7:0x7 DW_TAG_enumerator
	.long	.Linfo_string113        @ DW_AT_name
	.ascii	"\214\016"              @ DW_AT_const_value
	.byte	9                       @ Abbrev [9] 0x3be:0x7 DW_TAG_enumerator
	.long	.Linfo_string114        @ DW_AT_name
	.ascii	"\213\016"              @ DW_AT_const_value
	.byte	9                       @ Abbrev [9] 0x3c5:0x7 DW_TAG_enumerator
	.long	.Linfo_string115        @ DW_AT_name
	.ascii	"\212\016"              @ DW_AT_const_value
	.byte	9                       @ Abbrev [9] 0x3cc:0x7 DW_TAG_enumerator
	.long	.Linfo_string116        @ DW_AT_name
	.ascii	"\211\016"              @ DW_AT_const_value
	.byte	9                       @ Abbrev [9] 0x3d3:0x7 DW_TAG_enumerator
	.long	.Linfo_string117        @ DW_AT_name
	.ascii	"\210\016"              @ DW_AT_const_value
	.byte	9                       @ Abbrev [9] 0x3da:0x7 DW_TAG_enumerator
	.long	.Linfo_string118        @ DW_AT_name
	.ascii	"\207\016"              @ DW_AT_const_value
	.byte	9                       @ Abbrev [9] 0x3e1:0x7 DW_TAG_enumerator
	.long	.Linfo_string119        @ DW_AT_name
	.ascii	"\206\016"              @ DW_AT_const_value
	.byte	9                       @ Abbrev [9] 0x3e8:0x7 DW_TAG_enumerator
	.long	.Linfo_string120        @ DW_AT_name
	.ascii	"\205\016"              @ DW_AT_const_value
	.byte	9                       @ Abbrev [9] 0x3ef:0x7 DW_TAG_enumerator
	.long	.Linfo_string121        @ DW_AT_name
	.ascii	"\204\016"              @ DW_AT_const_value
	.byte	9                       @ Abbrev [9] 0x3f6:0x7 DW_TAG_enumerator
	.long	.Linfo_string122        @ DW_AT_name
	.ascii	"\203\016"              @ DW_AT_const_value
	.byte	9                       @ Abbrev [9] 0x3fd:0x7 DW_TAG_enumerator
	.long	.Linfo_string123        @ DW_AT_name
	.ascii	"\202\016"              @ DW_AT_const_value
	.byte	9                       @ Abbrev [9] 0x404:0x7 DW_TAG_enumerator
	.long	.Linfo_string124        @ DW_AT_name
	.ascii	"\201\016"              @ DW_AT_const_value
	.byte	9                       @ Abbrev [9] 0x40b:0x7 DW_TAG_enumerator
	.long	.Linfo_string125        @ DW_AT_name
	.ascii	"\200\016"              @ DW_AT_const_value
	.byte	9                       @ Abbrev [9] 0x412:0x7 DW_TAG_enumerator
	.long	.Linfo_string126        @ DW_AT_name
	.ascii	"\210`"                 @ DW_AT_const_value
	.byte	9                       @ Abbrev [9] 0x419:0x7 DW_TAG_enumerator
	.long	.Linfo_string127        @ DW_AT_name
	.ascii	"\217h"                 @ DW_AT_const_value
	.byte	9                       @ Abbrev [9] 0x420:0x7 DW_TAG_enumerator
	.long	.Linfo_string128        @ DW_AT_name
	.ascii	"\213h"                 @ DW_AT_const_value
	.byte	9                       @ Abbrev [9] 0x427:0x7 DW_TAG_enumerator
	.long	.Linfo_string129        @ DW_AT_name
	.ascii	"\212h"                 @ DW_AT_const_value
	.byte	0                       @ End Of Children Mark
	.byte	13                      @ Abbrev [13] 0x42f:0x13 DW_TAG_subprogram
	.long	.Lfunc_begin0           @ DW_AT_low_pc
	.long	.Lfunc_end0             @ DW_AT_high_pc
	.byte	1                       @ DW_AT_frame_base
	.byte	93
	.long	.Linfo_string130        @ DW_AT_name
	.byte	2                       @ DW_AT_decl_file
	.byte	62                      @ DW_AT_decl_line
	.byte	1                       @ DW_AT_prototyped
	.byte	1                       @ DW_AT_external
	.byte	13                      @ Abbrev [13] 0x442:0x13 DW_TAG_subprogram
	.long	.Lfunc_begin1           @ DW_AT_low_pc
	.long	.Lfunc_end1             @ DW_AT_high_pc
	.byte	1                       @ DW_AT_frame_base
	.byte	93
	.long	.Linfo_string131        @ DW_AT_name
	.byte	2                       @ DW_AT_decl_file
	.byte	87                      @ DW_AT_decl_line
	.byte	1                       @ DW_AT_prototyped
	.byte	1                       @ DW_AT_external
	.byte	14                      @ Abbrev [14] 0x455:0x2f DW_TAG_subprogram
	.long	.Lfunc_begin2           @ DW_AT_low_pc
	.long	.Lfunc_end2             @ DW_AT_high_pc
	.byte	1                       @ DW_AT_frame_base
	.byte	93
	.long	.Linfo_string132        @ DW_AT_name
	.byte	2                       @ DW_AT_decl_file
	.byte	101                     @ DW_AT_decl_line
	.byte	1                       @ DW_AT_external
	.byte	15                      @ Abbrev [15] 0x467:0xe DW_TAG_variable
	.byte	2                       @ DW_AT_location
	.byte	145
	.byte	4
	.long	.Linfo_string138        @ DW_AT_name
	.byte	2                       @ DW_AT_decl_file
	.byte	103                     @ DW_AT_decl_line
	.long	128                     @ DW_AT_type
	.byte	15                      @ Abbrev [15] 0x475:0xe DW_TAG_variable
	.byte	2                       @ DW_AT_location
	.byte	145
	.byte	0
	.long	.Linfo_string139        @ DW_AT_name
	.byte	2                       @ DW_AT_decl_file
	.byte	103                     @ DW_AT_decl_line
	.long	128                     @ DW_AT_type
	.byte	0                       @ End Of Children Mark
	.byte	16                      @ Abbrev [16] 0x484:0x26 DW_TAG_subprogram
	.long	.Lfunc_begin3           @ DW_AT_low_pc
	.long	.Lfunc_end3             @ DW_AT_high_pc
	.byte	1                       @ DW_AT_frame_base
	.byte	93
	.long	.Linfo_string133        @ DW_AT_name
	.byte	2                       @ DW_AT_decl_file
	.byte	116                     @ DW_AT_decl_line
	.byte	1                       @ DW_AT_prototyped
	.long	1287                    @ DW_AT_type
	.byte	1                       @ DW_AT_external
	.byte	15                      @ Abbrev [15] 0x49b:0xe DW_TAG_variable
	.byte	2                       @ DW_AT_location
	.byte	145
	.byte	20
	.long	.Linfo_string140        @ DW_AT_name
	.byte	2                       @ DW_AT_decl_file
	.byte	120                     @ DW_AT_decl_line
	.long	1294                    @ DW_AT_type
	.byte	0                       @ End Of Children Mark
	.byte	13                      @ Abbrev [13] 0x4aa:0x13 DW_TAG_subprogram
	.long	.Lfunc_begin4           @ DW_AT_low_pc
	.long	.Lfunc_end4             @ DW_AT_high_pc
	.byte	1                       @ DW_AT_frame_base
	.byte	93
	.long	.Linfo_string135        @ DW_AT_name
	.byte	2                       @ DW_AT_decl_file
	.byte	213                     @ DW_AT_decl_line
	.byte	1                       @ DW_AT_prototyped
	.byte	1                       @ DW_AT_external
	.byte	13                      @ Abbrev [13] 0x4bd:0x13 DW_TAG_subprogram
	.long	.Lfunc_begin5           @ DW_AT_low_pc
	.long	.Lfunc_end5             @ DW_AT_high_pc
	.byte	1                       @ DW_AT_frame_base
	.byte	93
	.long	.Linfo_string136        @ DW_AT_name
	.byte	2                       @ DW_AT_decl_file
	.byte	240                     @ DW_AT_decl_line
	.byte	1                       @ DW_AT_prototyped
	.byte	1                       @ DW_AT_external
	.byte	17                      @ Abbrev [17] 0x4d0:0x37 DW_TAG_subprogram
	.long	.Lfunc_begin6           @ DW_AT_low_pc
	.long	.Lfunc_end6             @ DW_AT_high_pc
	.byte	1                       @ DW_AT_frame_base
	.byte	93
	.long	.Linfo_string137        @ DW_AT_name
	.byte	2                       @ DW_AT_decl_file
	.short	298                     @ DW_AT_decl_line
	.byte	1                       @ DW_AT_prototyped
	.long	1287                    @ DW_AT_type
	.byte	1                       @ DW_AT_external
	.byte	18                      @ Abbrev [18] 0x4e8:0xf DW_TAG_formal_parameter
	.byte	2                       @ DW_AT_location
	.byte	145
	.byte	4
	.long	.Linfo_string140        @ DW_AT_name
	.byte	2                       @ DW_AT_decl_file
	.short	298                     @ DW_AT_decl_line
	.long	1287                    @ DW_AT_type
	.byte	18                      @ Abbrev [18] 0x4f7:0xf DW_TAG_formal_parameter
	.byte	2                       @ DW_AT_location
	.byte	145
	.byte	0
	.long	.Linfo_string141        @ DW_AT_name
	.byte	2                       @ DW_AT_decl_file
	.short	298                     @ DW_AT_decl_line
	.long	1306                    @ DW_AT_type
	.byte	0                       @ End Of Children Mark
	.byte	4                       @ Abbrev [4] 0x507:0x7 DW_TAG_base_type
	.long	.Linfo_string134        @ DW_AT_name
	.byte	5                       @ DW_AT_encoding
	.byte	4                       @ DW_AT_byte_size
	.byte	5                       @ Abbrev [5] 0x50e:0xc DW_TAG_array_type
	.long	56                      @ DW_AT_type
	.byte	6                       @ Abbrev [6] 0x513:0x6 DW_TAG_subrange_type
	.long	194                     @ DW_AT_type
	.byte	13                      @ DW_AT_count
	.byte	0                       @ End Of Children Mark
	.byte	19                      @ Abbrev [19] 0x51a:0x5 DW_TAG_pointer_type
	.long	1311                    @ DW_AT_type
	.byte	3                       @ Abbrev [3] 0x51f:0xb DW_TAG_typedef
	.long	1322                    @ DW_AT_type
	.long	.Linfo_string148        @ DW_AT_name
	.byte	7                       @ DW_AT_decl_file
	.byte	108                     @ DW_AT_decl_line
	.byte	20                      @ Abbrev [20] 0x52a:0x32 DW_TAG_structure_type
	.long	.Linfo_string147        @ DW_AT_name
	.byte	84                      @ DW_AT_byte_size
	.byte	7                       @ DW_AT_decl_file
	.byte	119                     @ DW_AT_decl_line
	.byte	21                      @ Abbrev [21] 0x532:0xc DW_TAG_member
	.long	.Linfo_string142        @ DW_AT_name
	.long	1342                    @ DW_AT_type
	.byte	7                       @ DW_AT_decl_file
	.byte	127                     @ DW_AT_decl_line
	.byte	0                       @ DW_AT_data_member_location
	.byte	22                      @ Abbrev [22] 0x53e:0x1d DW_TAG_union_type
	.byte	84                      @ DW_AT_byte_size
	.byte	7                       @ DW_AT_decl_file
	.byte	120                     @ DW_AT_decl_line
	.byte	21                      @ Abbrev [21] 0x542:0xc DW_TAG_member
	.long	.Linfo_string143        @ DW_AT_name
	.long	1372                    @ DW_AT_type
	.byte	7                       @ DW_AT_decl_file
	.byte	121                     @ DW_AT_decl_line
	.byte	0                       @ DW_AT_data_member_location
	.byte	21                      @ Abbrev [21] 0x54e:0xc DW_TAG_member
	.long	.Linfo_string145        @ DW_AT_name
	.long	1379                    @ DW_AT_type
	.byte	7                       @ DW_AT_decl_file
	.byte	125                     @ DW_AT_decl_line
	.byte	0                       @ DW_AT_data_member_location
	.byte	0                       @ End Of Children Mark
	.byte	0                       @ End Of Children Mark
	.byte	4                       @ Abbrev [4] 0x55c:0x7 DW_TAG_base_type
	.long	.Linfo_string144        @ DW_AT_name
	.byte	5                       @ DW_AT_encoding
	.byte	4                       @ DW_AT_byte_size
	.byte	5                       @ Abbrev [5] 0x563:0xc DW_TAG_array_type
	.long	1391                    @ DW_AT_type
	.byte	6                       @ Abbrev [6] 0x568:0x6 DW_TAG_subrange_type
	.long	194                     @ DW_AT_type
	.byte	84                      @ DW_AT_count
	.byte	0                       @ End Of Children Mark
	.byte	4                       @ Abbrev [4] 0x56f:0x7 DW_TAG_base_type
	.long	.Linfo_string146        @ DW_AT_name
	.byte	8                       @ DW_AT_encoding
	.byte	1                       @ DW_AT_byte_size
	.byte	0                       @ End Of Children Mark
.Ldebug_info_end0:
	.section	.debug_ranges,"",%progbits
.Ldebug_ranges0:
	.long	.Lfunc_begin0
	.long	.Lfunc_end0
	.long	.Lfunc_begin1
	.long	.Lfunc_end1
	.long	.Lfunc_begin2
	.long	.Lfunc_end2
	.long	.Lfunc_begin3
	.long	.Lfunc_end3
	.long	.Lfunc_begin4
	.long	.Lfunc_end4
	.long	.Lfunc_begin5
	.long	.Lfunc_end5
	.long	.Lfunc_begin6
	.long	.Lfunc_end6
	.long	0
	.long	0
	.ident	"Component: ARM Compiler 6.14 Tool: armclang [5db06c00]"
	.section	".note.GNU-stack","",%progbits
	.eabi_attribute	30, 6	@ Tag_ABI_optimization_goals
	.ARM_attribute	16, 1	@ Tag_AV_eba
	.section	.debug_line,"",%progbits
.Lline_table_start0:
